[0917/200309.585:ERROR:process_info.cc(359)] UncheckedAllocate
[0917/214138.188:ERROR:process_info.cc(359)] UncheckedAllocate
[0917/214138.192:ERROR:process_info.cc(359)] UncheckedAllocate
[0917/214138.196:ERROR:process_info.cc(359)] UncheckedAllocate
[0917/214138.229:ERROR:process_info.cc(359)] UncheckedAllocate
[0917/214148.917:ERROR:process_memory_win.cc(73)] ReadMemory at 0x74da3ed000 of 77824 bytes failed: Only part of a ReadProcessMemory or WriteProcessMemory request was completed. (0x12B)
[0917/214149.298:ERROR:process_memory_win.cc(73)] ReadMemory at 0x74da5fd000 of 12288 bytes failed: Only part of a ReadProcessMemory or WriteProcessMemory request was completed. (0x12B)
[0917/214149.298:ERROR:process_memory_win.cc(73)] ReadMemory at 0x74da7fa000 of 24576 bytes failed: Only part of a ReadProcessMemory or WriteProcessMemory request was completed. (0x12B)
[0917/214149.347:ERROR:process_memory_win.cc(73)] ReadMemory at 0x74da9fd000 of 12288 bytes failed: Only part of a ReadProcessMemory or WriteProcessMemory request was completed. (0x12B)
[0917/214149.348:ERROR:process_memory_win.cc(73)] ReadMemory at 0x74dabfc000 of 16384 bytes failed: Only part of a ReadProcessMemory or WriteProcessMemory request was completed. (0x12B)
[0917/214149.348:ERROR:process_memory_win.cc(73)] ReadMemory at 0x74dadfe000 of 8192 bytes failed: Only part of a ReadProcessMemory or WriteProcessMemory request was completed. (0x12B)
[0917/214149.348:ERROR:process_memory_win.cc(73)] ReadMemory at 0x74daffd000 of 12288 bytes failed: Only part of a ReadProcessMemory or WriteProcessMemory request was completed. (0x12B)
[0917/214149.349:ERROR:process_memory_win.cc(73)] ReadMemory at 0x74db1fb000 of 20480 bytes failed: Only part of a ReadProcessMemory or WriteProcessMemory request was completed. (0x12B)
[0917/214149.349:ERROR:process_memory_win.cc(73)] ReadMemory at 0x74db3fd000 of 12288 bytes failed: Only part of a ReadProcessMemory or WriteProcessMemory request was completed. (0x12B)
[0917/214149.349:ERROR:process_memory_win.cc(73)] ReadMemory at 0x74db5fd000 of 12288 bytes failed: Only part of a ReadProcessMemory or WriteProcessMemory request was completed. (0x12B)
[0917/214149.350:ERROR:process_memory_win.cc(73)] ReadMemory at 0x74db7fd000 of 12288 bytes failed: Only part of a ReadProcessMemory or WriteProcessMemory request was completed. (0x12B)
[0917/214149.350:ERROR:process_memory_win.cc(73)] ReadMemory at 0x74db9fd000 of 12288 bytes failed: Only part of a ReadProcessMemory or WriteProcessMemory request was completed. (0x12B)
[0917/214149.351:ERROR:process_memory_win.cc(73)] ReadMemory at 0x74dbbfd000 of 12288 bytes failed: Only part of a ReadProcessMemory or WriteProcessMemory request was completed. (0x12B)
[0917/214149.351:ERROR:process_memory_win.cc(73)] ReadMemory at 0x74dbdfd000 of 12288 bytes failed: Only part of a ReadProcessMemory or WriteProcessMemory request was completed. (0x12B)
[0917/214149.352:ERROR:process_memory_win.cc(73)] ReadMemory at 0x74da000000 of 6024 bytes failed: Only part of a ReadProcessMemory or WriteProcessMemory request was completed. (0x12B)
[0917/214149.352:ERROR:process_memory_win.cc(73)] ReadMemory at 0x74da002000 of 6024 bytes failed: Only part of a ReadProcessMemory or WriteProcessMemory request was completed. (0x12B)
[0917/214149.352:ERROR:process_memory_win.cc(73)] ReadMemory at 0x74da004000 of 6024 bytes failed: Only part of a ReadProcessMemory or WriteProcessMemory request was completed. (0x12B)
[0917/214149.352:ERROR:process_memory_win.cc(73)] ReadMemory at 0x74da006000 of 6024 bytes failed: Only part of a ReadProcessMemory or WriteProcessMemory request was completed. (0x12B)
[0917/214149.353:ERROR:process_memory_win.cc(73)] ReadMemory at 0x74da008000 of 6024 bytes failed: Only part of a ReadProcessMemory or WriteProcessMemory request was completed. (0x12B)
[0917/214149.354:ERROR:process_memory_win.cc(73)] ReadMemory at 0x74da00a000 of 6024 bytes failed: Only part of a ReadProcessMemory or WriteProcessMemory request was completed. (0x12B)
[0917/214149.354:ERROR:process_memory_win.cc(73)] ReadMemory at 0x74da00c000 of 6024 bytes failed: Only part of a ReadProcessMemory or WriteProcessMemory request was completed. (0x12B)
[0917/214149.411:ERROR:process_memory_win.cc(73)] ReadMemory at 0x74da1f1000 of 852 bytes failed: Only part of a ReadProcessMemory or WriteProcessMemory request was completed. (0x12B)
[0917/214149.411:ERROR:process_memory_win.cc(73)] ReadMemory at 0x74da1f2000 of 6024 bytes failed: Only part of a ReadProcessMemory or WriteProcessMemory request was completed. (0x12B)
[0917/214149.412:ERROR:process_memory_win.cc(73)] ReadMemory at 0x74da1f4000 of 6024 bytes failed: Only part of a ReadProcessMemory or WriteProcessMemory request was completed. (0x12B)
[0917/214149.412:ERROR:process_memory_win.cc(73)] ReadMemory at 0x74da1f6000 of 6024 bytes failed: Only part of a ReadProcessMemory or WriteProcessMemory request was completed. (0x12B)
[0917/214149.412:ERROR:process_memory_win.cc(73)] ReadMemory at 0x74da1f8000 of 6024 bytes failed: Only part of a ReadProcessMemory or WriteProcessMemory request was completed. (0x12B)
[0917/214149.413:ERROR:process_memory_win.cc(73)] ReadMemory at 0x74da1fa000 of 6024 bytes failed: Only part of a ReadProcessMemory or WriteProcessMemory request was completed. (0x12B)
[0917/214149.413:ERROR:process_memory_win.cc(73)] ReadMemory at 0x74da1fc000 of 6024 bytes failed: Only part of a ReadProcessMemory or WriteProcessMemory request was completed. (0x12B)
[0917/214149.413:ERROR:process_memory_win.cc(73)] ReadMemory at 0x74da1fe000 of 6024 bytes failed: Only part of a ReadProcessMemory or WriteProcessMemory request was completed. (0x12B)
[0917/214149.414:ERROR:process_memory_win.cc(73)] ReadMemory at 0x245f7010fc0 of 4580 bytes failed: Only part of a ReadProcessMemory or WriteProcessMemory request was completed. (0x12B)
[0917/214149.414:ERROR:process_memory_win.cc(73)] ReadMemory at 0x245f70121b0 of 1012 bytes failed: Only part of a ReadProcessMemory or WriteProcessMemory request was completed. (0x12B)
[0917/214149.414:ERROR:process_memory_win.cc(73)] ReadMemory at 0x245f70127c8 of 118 bytes failed: Only part of a ReadProcessMemory or WriteProcessMemory request was completed. (0x12B)
[0917/214149.415:ERROR:process_memory_win.cc(73)] ReadMemory at 0x245f7012840 of 860 bytes failed: Only part of a ReadProcessMemory or WriteProcessMemory request was completed. (0x12B)
[0917/214149.415:ERROR:process_memory_win.cc(73)] ReadMemory at 0x245f7012b9e of 118 bytes failed: Only part of a ReadProcessMemory or WriteProcessMemory request was completed. (0x12B)
[0917/214149.415:ERROR:process_memory_win.cc(73)] ReadMemory at 0x245f7012c16 of 100 bytes failed: Only part of a ReadProcessMemory or WriteProcessMemory request was completed. (0x12B)
[0917/214149.415:ERROR:process_memory_win.cc(73)] ReadMemory at 0x245f7012c90 of 58 bytes failed: Only part of a ReadProcessMemory or WriteProcessMemory request was completed. (0x12B)
[0917/214149.416:ERROR:process_memory_win.cc(73)] ReadMemory at 0x245f7012d90 of 132 bytes failed: Only part of a ReadProcessMemory or WriteProcessMemory request was completed. (0x12B)
[0917/214149.416:ERROR:process_memory_win.cc(73)] ReadMemory at 0x245f7012f20 of 132 bytes failed: Only part of a ReadProcessMemory or WriteProcessMemory request was completed. (0x12B)
[0917/214149.523:ERROR:process_memory_win.cc(73)] ReadMemory at 0x245f70130e0 of 126 bytes failed: Only part of a ReadProcessMemory or WriteProcessMemory request was completed. (0x12B)
[0917/214149.523:ERROR:process_memory_win.cc(73)] ReadMemory at 0x245f70133d0 of 132 bytes failed: Only part of a ReadProcessMemory or WriteProcessMemory request was completed. (0x12B)
[0917/214149.523:ERROR:process_memory_win.cc(73)] ReadMemory at 0x245f7013cc0 of 132 bytes failed: Only part of a ReadProcessMemory or WriteProcessMemory request was completed. (0x12B)
[0917/214149.523:ERROR:process_memory_win.cc(73)] ReadMemory at 0x245f7013e50 of 64 bytes failed: Only part of a ReadProcessMemory or WriteProcessMemory request was completed. (0x12B)
[0917/214149.523:ERROR:process_memory_win.cc(73)] ReadMemory at 0x245f7013ea0 of 158 bytes failed: Only part of a ReadProcessMemory or WriteProcessMemory request was completed. (0x12B)
[0917/214149.581:ERROR:process_memory_win.cc(73)] ReadMemory at 0x245f7013f80 of 132 bytes failed: Only part of a ReadProcessMemory or WriteProcessMemory request was completed. (0x12B)
[0917/214149.581:ERROR:process_memory_win.cc(73)] ReadMemory at 0x245f70142a0 of 132 bytes failed: Only part of a ReadProcessMemory or WriteProcessMemory request was completed. (0x12B)
[0917/214149.582:ERROR:process_memory_win.cc(73)] ReadMemory at 0x245f7014430 of 68 bytes failed: Only part of a ReadProcessMemory or WriteProcessMemory request was completed. (0x12B)
[0917/214149.582:ERROR:process_memory_win.cc(73)] ReadMemory at 0x245f7018fe0 of 132 bytes failed: Only part of a ReadProcessMemory or WriteProcessMemory request was completed. (0x12B)
[0917/214149.583:ERROR:process_memory_win.cc(73)] ReadMemory at 0x245f7019110 of 154 bytes failed: Only part of a ReadProcessMemory or WriteProcessMemory request was completed. (0x12B)
[0917/214149.583:ERROR:process_memory_win.cc(73)] ReadMemory at 0x245f7019400 of 132 bytes failed: Only part of a ReadProcessMemory or WriteProcessMemory request was completed. (0x12B)
[0917/214149.584:ERROR:process_memory_win.cc(73)] ReadMemory at 0x245f701c490 of 132 bytes failed: Only part of a ReadProcessMemory or WriteProcessMemory request was completed. (0x12B)
[0917/214149.585:ERROR:process_memory_win.cc(73)] ReadMemory at 0x245f701c5c0 of 62 bytes failed: Only part of a ReadProcessMemory or WriteProcessMemory request was completed. (0x12B)
[0917/214149.585:ERROR:process_memory_win.cc(73)] ReadMemory at 0x245f701c6f0 of 132 bytes failed: Only part of a ReadProcessMemory or WriteProcessMemory request was completed. (0x12B)
[0917/214149.586:ERROR:process_memory_win.cc(73)] ReadMemory at 0x245f701cd00 of 60 bytes failed: Only part of a ReadProcessMemory or WriteProcessMemory request was completed. (0x12B)
[0917/214149.586:ERROR:process_memory_win.cc(73)] ReadMemory at 0x245f701cd50 of 132 bytes failed: Only part of a ReadProcessMemory or WriteProcessMemory request was completed. (0x12B)
[0917/214149.586:ERROR:process_memory_win.cc(73)] ReadMemory at 0x245f701cf00 of 62 bytes failed: Only part of a ReadProcessMemory or WriteProcessMemory request was completed. (0x12B)
[0917/214149.586:ERROR:process_memory_win.cc(73)] ReadMemory at 0x245f701cf50 of 60 bytes failed: Only part of a ReadProcessMemory or WriteProcessMemory request was completed. (0x12B)
[0917/214149.587:ERROR:process_memory_win.cc(73)] ReadMemory at 0x245f701cfa0 of 64 bytes failed: Only part of a ReadProcessMemory or WriteProcessMemory request was completed. (0x12B)
[0917/214149.587:ERROR:process_memory_win.cc(73)] ReadMemory at 0x245f701cff0 of 64 bytes failed: Only part of a ReadProcessMemory or WriteProcessMemory request was completed. (0x12B)
[0917/214149.587:ERROR:process_memory_win.cc(73)] ReadMemory at 0x245f701d0e0 of 58 bytes failed: Only part of a ReadProcessMemory or WriteProcessMemory request was completed. (0x12B)
[0917/214149.588:ERROR:process_memory_win.cc(73)] ReadMemory at 0x245f701d130 of 62 bytes failed: Only part of a ReadProcessMemory or WriteProcessMemory request was completed. (0x12B)
[0917/214149.588:ERROR:process_memory_win.cc(73)] ReadMemory at 0x245f701d180 of 66 bytes failed: Only part of a ReadProcessMemory or WriteProcessMemory request was completed. (0x12B)
[0917/214149.589:ERROR:process_memory_win.cc(73)] ReadMemory at 0x245f701d1d0 of 64 bytes failed: Only part of a ReadProcessMemory or WriteProcessMemory request was completed. (0x12B)
[0917/214149.589:ERROR:process_memory_win.cc(73)] ReadMemory at 0x245f701d220 of 60 bytes failed: Only part of a ReadProcessMemory or WriteProcessMemory request was completed. (0x12B)
[0917/214149.590:ERROR:process_memory_win.cc(73)] ReadMemory at 0x245f701d2c0 of 58 bytes failed: Only part of a ReadProcessMemory or WriteProcessMemory request was completed. (0x12B)
[0917/214149.590:ERROR:process_memory_win.cc(73)] ReadMemory at 0x245f701d310 of 64 bytes failed: Only part of a ReadProcessMemory or WriteProcessMemory request was completed. (0x12B)
[0917/214149.590:ERROR:process_memory_win.cc(73)] ReadMemory at 0x245f701d3b0 of 64 bytes failed: Only part of a ReadProcessMemory or WriteProcessMemory request was completed. (0x12B)
[0917/214149.591:ERROR:process_memory_win.cc(73)] ReadMemory at 0x245f701d400 of 62 bytes failed: Only part of a ReadProcessMemory or WriteProcessMemory request was completed. (0x12B)
[0917/214149.591:ERROR:process_memory_win.cc(73)] ReadMemory at 0x245f701d450 of 60 bytes failed: Only part of a ReadProcessMemory or WriteProcessMemory request was completed. (0x12B)
[0917/214149.592:ERROR:process_memory_win.cc(73)] ReadMemory at 0x245f701d4a0 of 66 bytes failed: Only part of a ReadProcessMemory or WriteProcessMemory request was completed. (0x12B)
[0917/214149.592:ERROR:process_memory_win.cc(73)] ReadMemory at 0x245f701d4f0 of 60 bytes failed: Only part of a ReadProcessMemory or WriteProcessMemory request was completed. (0x12B)
[0917/214149.593:ERROR:process_memory_win.cc(73)] ReadMemory at 0x245f701d540 of 60 bytes failed: Only part of a ReadProcessMemory or WriteProcessMemory request was completed. (0x12B)
[0917/214149.593:ERROR:process_memory_win.cc(73)] ReadMemory at 0x245f701d590 of 62 bytes failed: Only part of a ReadProcessMemory or WriteProcessMemory request was completed. (0x12B)
[0917/214149.594:ERROR:process_memory_win.cc(73)] ReadMemory at 0x245f701e35c of 512 bytes failed: Only part of a ReadProcessMemory or WriteProcessMemory request was completed. (0x12B)
[0917/214149.594:ERROR:process_memory_win.cc(73)] ReadMemory at 0x245f701f060 of 132 bytes failed: Only part of a ReadProcessMemory or WriteProcessMemory request was completed. (0x12B)
[0917/214149.594:ERROR:process_memory_win.cc(73)] ReadMemory at 0x245f701f300 of 80 bytes failed: Only part of a ReadProcessMemory or WriteProcessMemory request was completed. (0x12B)
[0917/214149.595:ERROR:process_memory_win.cc(73)] ReadMemory at 0x245f70206b0 of 76 bytes failed: Only part of a ReadProcessMemory or WriteProcessMemory request was completed. (0x12B)
[0917/214149.595:ERROR:process_memory_win.cc(73)] ReadMemory at 0x245f7023010 of 132 bytes failed: Only part of a ReadProcessMemory or WriteProcessMemory request was completed. (0x12B)
[0917/214149.596:ERROR:process_memory_win.cc(73)] ReadMemory at 0x245f7023540 of 54 bytes failed: Only part of a ReadProcessMemory or WriteProcessMemory request was completed. (0x12B)
[0917/214149.596:ERROR:process_memory_win.cc(73)] ReadMemory at 0x245f7023cd0 of 132 bytes failed: Only part of a ReadProcessMemory or WriteProcessMemory request was completed. (0x12B)
[0917/214149.597:ERROR:process_memory_win.cc(73)] ReadMemory at 0x245f7023e00 of 132 bytes failed: Only part of a ReadProcessMemory or WriteProcessMemory request was completed. (0x12B)
[0917/214149.597:ERROR:process_memory_win.cc(73)] ReadMemory at 0x245f7023f30 of 132 bytes failed: Only part of a ReadProcessMemory or WriteProcessMemory request was completed. (0x12B)
[0917/214149.598:ERROR:process_memory_win.cc(73)] ReadMemory at 0x245f7024060 of 132 bytes failed: Only part of a ReadProcessMemory or WriteProcessMemory request was completed. (0x12B)
[0917/214149.598:ERROR:process_memory_win.cc(73)] ReadMemory at 0x245f7024190 of 132 bytes failed: Only part of a ReadProcessMemory or WriteProcessMemory request was completed. (0x12B)
[0917/214149.599:ERROR:process_memory_win.cc(73)] ReadMemory at 0x245f70242c0 of 132 bytes failed: Only part of a ReadProcessMemory or WriteProcessMemory request was completed. (0x12B)
[0917/214149.599:ERROR:process_memory_win.cc(73)] ReadMemory at 0x245f70243f0 of 132 bytes failed: Only part of a ReadProcessMemory or WriteProcessMemory request was completed. (0x12B)
[0917/214149.600:ERROR:process_memory_win.cc(73)] ReadMemory at 0x245f7024520 of 132 bytes failed: Only part of a ReadProcessMemory or WriteProcessMemory request was completed. (0x12B)
[0917/214149.600:ERROR:process_memory_win.cc(73)] ReadMemory at 0x245f7024650 of 132 bytes failed: Only part of a ReadProcessMemory or WriteProcessMemory request was completed. (0x12B)
[0917/214149.602:ERROR:process_memory_win.cc(73)] ReadMemory at 0x245f70248b0 of 132 bytes failed: Only part of a ReadProcessMemory or WriteProcessMemory request was completed. (0x12B)
[0917/214149.603:ERROR:process_memory_win.cc(73)] ReadMemory at 0x245f70249e0 of 132 bytes failed: Only part of a ReadProcessMemory or WriteProcessMemory request was completed. (0x12B)
[0917/214149.603:ERROR:process_memory_win.cc(73)] ReadMemory at 0x245f7024b10 of 132 bytes failed: Only part of a ReadProcessMemory or WriteProcessMemory request was completed. (0x12B)
[0917/214149.604:ERROR:process_memory_win.cc(73)] ReadMemory at 0x245f70269b0 of 132 bytes failed: Only part of a ReadProcessMemory or WriteProcessMemory request was completed. (0x12B)
[0917/214149.604:ERROR:process_memory_win.cc(73)] ReadMemory at 0x245f7028b50 of 132 bytes failed: Only part of a ReadProcessMemory or WriteProcessMemory request was completed. (0x12B)
[0917/214149.605:ERROR:process_memory_win.cc(73)] ReadMemory at 0x245f7028c80 of 132 bytes failed: Only part of a ReadProcessMemory or WriteProcessMemory request was completed. (0x12B)
[0917/214149.605:ERROR:process_memory_win.cc(73)] ReadMemory at 0x245f7028db0 of 132 bytes failed: Only part of a ReadProcessMemory or WriteProcessMemory request was completed. (0x12B)
[0917/214149.605:ERROR:process_memory_win.cc(73)] ReadMemory at 0x245f7028ee0 of 132 bytes failed: Only part of a ReadProcessMemory or WriteProcessMemory request was completed. (0x12B)
[0917/214149.606:ERROR:process_memory_win.cc(73)] ReadMemory at 0x245f7029010 of 132 bytes failed: Only part of a ReadProcessMemory or WriteProcessMemory request was completed. (0x12B)
[0917/214149.606:ERROR:process_memory_win.cc(73)] ReadMemory at 0x245f7029140 of 132 bytes failed: Only part of a ReadProcessMemory or WriteProcessMemory request was completed. (0x12B)
[0917/214149.607:ERROR:process_memory_win.cc(73)] ReadMemory at 0x245f7029270 of 132 bytes failed: Only part of a ReadProcessMemory or WriteProcessMemory request was completed. (0x12B)
[0917/214149.607:ERROR:process_memory_win.cc(73)] ReadMemory at 0x245f70293a0 of 132 bytes failed: Only part of a ReadProcessMemory or WriteProcessMemory request was completed. (0x12B)
[0917/214149.607:ERROR:process_memory_win.cc(73)] ReadMemory at 0x245f7029860 of 132 bytes failed: Only part of a ReadProcessMemory or WriteProcessMemory request was completed. (0x12B)
[0917/214149.608:ERROR:process_memory_win.cc(73)] ReadMemory at 0x245f7029ac0 of 132 bytes failed: Only part of a ReadProcessMemory or WriteProcessMemory request was completed. (0x12B)
[0917/214149.608:ERROR:process_memory_win.cc(73)] ReadMemory at 0x245f7029bf0 of 132 bytes failed: Only part of a ReadProcessMemory or WriteProcessMemory request was completed. (0x12B)
[0917/214149.608:ERROR:process_memory_win.cc(73)] ReadMemory at 0x245f7029d20 of 132 bytes failed: Only part of a ReadProcessMemory or WriteProcessMemory request was completed. (0x12B)
[0917/214149.608:ERROR:process_memory_win.cc(73)] ReadMemory at 0x245f7029e50 of 132 bytes failed: Only part of a ReadProcessMemory or WriteProcessMemory request was completed. (0x12B)
[0917/214149.609:ERROR:process_memory_win.cc(73)] ReadMemory at 0x245f7029f80 of 132 bytes failed: Only part of a ReadProcessMemory or WriteProcessMemory request was completed. (0x12B)
[0917/214149.609:ERROR:process_memory_win.cc(73)] ReadMemory at 0x245f702a310 of 132 bytes failed: Only part of a ReadProcessMemory or WriteProcessMemory request was completed. (0x12B)
[0917/214149.609:ERROR:process_memory_win.cc(73)] ReadMemory at 0x245f702a440 of 132 bytes failed: Only part of a ReadProcessMemory or WriteProcessMemory request was completed. (0x12B)
[0917/214149.610:ERROR:process_memory_win.cc(73)] ReadMemory at 0x245f702a570 of 132 bytes failed: Only part of a ReadProcessMemory or WriteProcessMemory request was completed. (0x12B)
[0917/214149.610:ERROR:process_memory_win.cc(73)] ReadMemory at 0x245f702a7d0 of 132 bytes failed: Only part of a ReadProcessMemory or WriteProcessMemory request was completed. (0x12B)
[0917/214149.610:ERROR:process_memory_win.cc(73)] ReadMemory at 0x245f702ab60 of 62 bytes failed: Only part of a ReadProcessMemory or WriteProcessMemory request was completed. (0x12B)
[0917/214149.611:ERROR:process_memory_win.cc(73)] ReadMemory at 0x245f702aca0 of 60 bytes failed: Only part of a ReadProcessMemory or WriteProcessMemory request was completed. (0x12B)
[0917/214149.611:ERROR:process_memory_win.cc(73)] ReadMemory at 0x245f702ade0 of 60 bytes failed: Only part of a ReadProcessMemory or WriteProcessMemory request was completed. (0x12B)
[0917/214149.611:ERROR:process_memory_win.cc(73)] ReadMemory at 0x245f702afc0 of 64 bytes failed: Only part of a ReadProcessMemory or WriteProcessMemory request was completed. (0x12B)
[0917/214149.611:ERROR:process_memory_win.cc(73)] ReadMemory at 0x245f702b0b0 of 62 bytes failed: Only part of a ReadProcessMemory or WriteProcessMemory request was completed. (0x12B)
[0917/214149.611:ERROR:process_memory_win.cc(73)] ReadMemory at 0x245f702b150 of 58 bytes failed: Only part of a ReadProcessMemory or WriteProcessMemory request was completed. (0x12B)
[0917/214149.612:ERROR:process_memory_win.cc(73)] ReadMemory at 0x245f702b1f0 of 62 bytes failed: Only part of a ReadProcessMemory or WriteProcessMemory request was completed. (0x12B)
[0917/214149.612:ERROR:process_memory_win.cc(73)] ReadMemory at 0x245f702b3d0 of 62 bytes failed: Only part of a ReadProcessMemory or WriteProcessMemory request was completed. (0x12B)
[0917/214149.612:ERROR:process_memory_win.cc(73)] ReadMemory at 0x245f702b420 of 60 bytes failed: Only part of a ReadProcessMemory or WriteProcessMemory request was completed. (0x12B)
[0917/214149.612:ERROR:process_memory_win.cc(73)] ReadMemory at 0x245f702b5b0 of 64 bytes failed: Only part of a ReadProcessMemory or WriteProcessMemory request was completed. (0x12B)
[0917/214149.612:ERROR:process_memory_win.cc(73)] ReadMemory at 0x245f702b600 of 64 bytes failed: Only part of a ReadProcessMemory or WriteProcessMemory request was completed. (0x12B)
[0917/214149.612:ERROR:process_memory_win.cc(73)] ReadMemory at 0x245f702b6a0 of 66 bytes failed: Only part of a ReadProcessMemory or WriteProcessMemory request was completed. (0x12B)
[0917/214149.612:ERROR:process_memory_win.cc(73)] ReadMemory at 0x245f702b830 of 62 bytes failed: Only part of a ReadProcessMemory or WriteProcessMemory request was completed. (0x12B)
[0917/214149.613:ERROR:process_memory_win.cc(73)] ReadMemory at 0x245f702b8d0 of 62 bytes failed: Only part of a ReadProcessMemory or WriteProcessMemory request was completed. (0x12B)
[0917/214149.613:ERROR:process_memory_win.cc(73)] ReadMemory at 0x245f7039ed0 of 58 bytes failed: Only part of a ReadProcessMemory or WriteProcessMemory request was completed. (0x12B)
[0917/214149.613:ERROR:process_memory_win.cc(73)] ReadMemory at 0x245f70427f0 of 512 bytes failed: Only part of a ReadProcessMemory or WriteProcessMemory request was completed. (0x12B)
[0917/214149.613:ERROR:process_memory_win.cc(73)] ReadMemory at 0x245f7043740 of 512 bytes failed: Only part of a ReadProcessMemory or WriteProcessMemory request was completed. (0x12B)
[0917/214149.613:ERROR:process_memory_win.cc(73)] ReadMemory at 0x245f73fe040 of 512 bytes failed: Only part of a ReadProcessMemory or WriteProcessMemory request was completed. (0x12B)
[0917/214149.613:ERROR:process_memory_win.cc(73)] ReadMemory at 0x245f73fe3a0 of 512 bytes failed: Only part of a ReadProcessMemory or WriteProcessMemory request was completed. (0x12B)
[0917/214149.614:ERROR:process_memory_win.cc(73)] ReadMemory at 0x245f73ff200 of 512 bytes failed: Only part of a ReadProcessMemory or WriteProcessMemory request was completed. (0x12B)
[0917/214149.614:ERROR:process_memory_win.cc(73)] ReadMemory at 0x245f74025b0 of 512 bytes failed: Only part of a ReadProcessMemory or WriteProcessMemory request was completed. (0x12B)
[0917/214149.614:ERROR:process_memory_win.cc(73)] ReadMemory at 0x245f7415810 of 800 bytes failed: Only part of a ReadProcessMemory or WriteProcessMemory request was completed. (0x12B)
[0917/214149.615:ERROR:process_memory_win.cc(73)] ReadMemory at 0x245f741c670 of 512 bytes failed: Only part of a ReadProcessMemory or WriteProcessMemory request was completed. (0x12B)
[0917/214149.615:ERROR:process_memory_win.cc(73)] ReadMemory at 0x245f747c518 of 512 bytes failed: Only part of a ReadProcessMemory or WriteProcessMemory request was completed. (0x12B)
[0917/214149.615:ERROR:process_memory_win.cc(73)] ReadMemory at 0x245f747d4d8 of 800 bytes failed: Only part of a ReadProcessMemory or WriteProcessMemory request was completed. (0x12B)
[0917/214149.615:ERROR:process_memory_win.cc(73)] ReadMemory at 0x245f926f9c0 of 512 bytes failed: Only part of a ReadProcessMemory or WriteProcessMemory request was completed. (0x12B)
[0917/214149.615:ERROR:process_memory_win.cc(73)] ReadMemory at 0x245f92d4430 of 512 bytes failed: Only part of a ReadProcessMemory or WriteProcessMemory request was completed. (0x12B)
[0917/214149.615:ERROR:process_memory_win.cc(73)] ReadMemory at 0x245f9358760 of 512 bytes failed: Only part of a ReadProcessMemory or WriteProcessMemory request was completed. (0x12B)
[0917/214149.615:ERROR:process_memory_win.cc(73)] ReadMemory at 0x245f93e9e08 of 512 bytes failed: Only part of a ReadProcessMemory or WriteProcessMemory request was completed. (0x12B)
[0917/214149.616:ERROR:process_memory_win.cc(73)] ReadMemory at 0x245f9694c40 of 512 bytes failed: Only part of a ReadProcessMemory or WriteProcessMemory request was completed. (0x12B)
[0917/214149.616:ERROR:process_memory_win.cc(73)] ReadMemory at 0x245f96a3020 of 512 bytes failed: Only part of a ReadProcessMemory or WriteProcessMemory request was completed. (0x12B)
[0917/214149.616:ERROR:process_memory_win.cc(73)] ReadMemory at 0x245f96a3d98 of 512 bytes failed: Only part of a ReadProcessMemory or WriteProcessMemory request was completed. (0x12B)
[0917/214149.616:ERROR:process_memory_win.cc(73)] ReadMemory at 0x163af3bd7f80 of 128 bytes failed: Only part of a ReadProcessMemory or WriteProcessMemory request was completed. (0x12B)
[0917/214149.616:ERROR:process_memory_win.cc(73)] ReadMemory at 0x163af3c23f80 of 512 bytes failed: Only part of a ReadProcessMemory or WriteProcessMemory request was completed. (0x12B)
[0917/214149.616:ERROR:process_memory_win.cc(73)] ReadMemory at 0x7ff886f64a1c of 512 bytes failed: Only part of a ReadProcessMemory or WriteProcessMemory request was completed. (0x12B)
[0917/214149.616:ERROR:process_memory_win.cc(73)] ReadMemory at 0x7ff889784358 of 512 bytes failed: Only part of a ReadProcessMemory or WriteProcessMemory request was completed. (0x12B)
[0917/214149.617:ERROR:process_memory_win.cc(73)] ReadMemory at 0x7ff889d7da88 of 512 bytes failed: Only part of a ReadProcessMemory or WriteProcessMemory request was completed. (0x12B)
[0917/214149.617:ERROR:process_memory_win.cc(73)] ReadMemory at 0x7ff889f5c248 of 512 bytes failed: Only part of a ReadProcessMemory or WriteProcessMemory request was completed. (0x12B)
[0917/214149.617:ERROR:process_memory_win.cc(73)] ReadMemory at 0x7ff8dfbea308 of 512 bytes failed: Only part of a ReadProcessMemory or WriteProcessMemory request was completed. (0x12B)
[0917/214149.617:ERROR:process_memory_win.cc(73)] ReadMemory at 0x7ff8e26d0e00 of 512 bytes failed: Only part of a ReadProcessMemory or WriteProcessMemory request was completed. (0x12B)
[0917/214149.634:ERROR:process_memory_win.cc(73)] ReadMemory at 0x7ff8e37091ab of 512 bytes failed: Only part of a ReadProcessMemory or WriteProcessMemory request was completed. (0x12B)
[0917/214149.634:ERROR:process_memory_win.cc(73)] ReadMemory at 0x7ff8e37179f0 of 512 bytes failed: Only part of a ReadProcessMemory or WriteProcessMemory request was completed. (0x12B)
[0917/214149.634:ERROR:process_memory_win.cc(73)] ReadMemory at 0x7ff8e37182e0 of 512 bytes failed: Only part of a ReadProcessMemory or WriteProcessMemory request was completed. (0x12B)
[0917/214149.681:ERROR:process_memory_win.cc(73)] ReadMemory at 0x7ff8e371a0d0 of 512 bytes failed: Only part of a ReadProcessMemory or WriteProcessMemory request was completed. (0x12B)
[0917/214149.681:ERROR:process_memory_win.cc(73)] ReadMemory at 0x7ff8e378a9a4 of 672 bytes failed: Only part of a ReadProcessMemory or WriteProcessMemory request was completed. (0x12B)
[0917/214149.681:ERROR:process_memory_win.cc(73)] ReadMemory at 0x7ff8e378afa4 of 512 bytes failed: Only part of a ReadProcessMemory or WriteProcessMemory request was completed. (0x12B)
[0917/214149.681:ERROR:process_memory_win.cc(73)] ReadMemory at 0x7ff8e378e214 of 608 bytes failed: Only part of a ReadProcessMemory or WriteProcessMemory request was completed. (0x12B)
[0917/214149.681:ERROR:process_memory_win.cc(73)] ReadMemory at 0x7ff8e38101e0 of 18 bytes failed: Only part of a ReadProcessMemory or WriteProcessMemory request was completed. (0x12B)
[0917/214149.681:ERROR:process_memory_win.cc(73)] ReadMemory at 0x7ff8e38465b0 of 40 bytes failed: Only part of a ReadProcessMemory or WriteProcessMemory request was completed. (0x12B)
[0917/214149.682:ERROR:process_memory_win.cc(73)] ReadMemory at 0x7ff8e3846a08 of 48 bytes failed: Only part of a ReadProcessMemory or WriteProcessMemory request was completed. (0x12B)
[0917/214149.682:ERROR:process_memory_win.cc(73)] ReadMemory at 0x7ff8e384c360 of 64 bytes failed: Only part of a ReadProcessMemory or WriteProcessMemory request was completed. (0x12B)
[0917/214149.685:ERROR:scoped_process_suspend.cc(40)] NtResumeProcess: An attempt was made to access an exiting process. (0xc000010a)
[0917/214200.155:ERROR:process_info.cc(359)] UncheckedAllocate
[0917/214200.203:ERROR:process_info.cc(359)] UncheckedAllocate
[0917/214200.379:ERROR:process_info.cc(359)] UncheckedAllocate
[0917/214200.773:ERROR:process_memory_win.cc(73)] ReadMemory at 0x7ff767270000 of 64 bytes failed: Only part of a ReadProcessMemory or WriteProcessMemory request was completed. (0x12B)
[0917/214200.773:WARNING:pe_image_reader.cc(340)] could not read dos header from C:\Program Files (x86)\Google\Chrome\Application\chrome.exe
[0917/214200.774:ERROR:process_memory_win.cc(73)] ReadMemory at 0x7ff8e26b0000 of 64 bytes failed: Only part of a ReadProcessMemory or WriteProcessMemory request was completed. (0x12B)
[0917/214200.774:WARNING:pe_image_reader.cc(340)] could not read dos header from C:\WINDOWS\System32\KERNEL32.dll
[0917/214200.774:ERROR:process_memory_win.cc(73)] ReadMemory at 0x7ff8dfbb0000 of 64 bytes failed: Only part of a ReadProcessMemory or WriteProcessMemory request was completed. (0x12B)
[0917/214200.774:WARNING:pe_image_reader.cc(340)] could not read dos header from C:\WINDOWS\System32\KERNELBASE.dll
[0917/214200.774:ERROR:process_memory_win.cc(73)] ReadMemory at 0x7ff8ad6c0000 of 64 bytes failed: Only part of a ReadProcessMemory or WriteProcessMemory request was completed. (0x12B)
[0917/214200.774:WARNING:pe_image_reader.cc(340)] could not read dos header from C:\Program Files (x86)\Google\Chrome\Application\76.0.3809.132\chrome_elf.dll
[0917/214200.774:ERROR:process_memory_win.cc(73)] ReadMemory at 0x7ff8d5c10000 of 64 bytes failed: Only part of a ReadProcessMemory or WriteProcessMemory request was completed. (0x12B)
[0917/214200.774:WARNING:pe_image_reader.cc(340)] could not read dos header from C:\WINDOWS\SYSTEM32\VERSION.dll
[0917/214200.774:ERROR:process_memory_win.cc(73)] ReadMemory at 0x7ff8e2c40000 of 64 bytes failed: Only part of a ReadProcessMemory or WriteProcessMemory request was completed. (0x12B)
[0917/214200.774:WARNING:pe_image_reader.cc(340)] could not read dos header from C:\WINDOWS\System32\msvcrt.dll
[0917/214200.774:ERROR:process_memory_win.cc(73)] ReadMemory at 0x7ff8dfb10000 of 64 bytes failed: Only part of a ReadProcessMemory or WriteProcessMemory request was completed. (0x12B)
[0917/214200.774:WARNING:pe_image_reader.cc(340)] could not read dos header from C:\WINDOWS\System32\bcryptPrimitives.dll
[0917/214200.774:ERROR:process_memory_win.cc(73)] ReadMemory at 0x7ff8e3610000 of 64 bytes failed: Only part of a ReadProcessMemory or WriteProcessMemory request was completed. (0x12B)
[0917/214200.774:WARNING:pe_image_reader.cc(340)] could not read dos header from C:\WINDOWS\System32\ADVAPI32.dll
[0917/214200.774:ERROR:process_memory_win.cc(73)] ReadMemory at 0x7ff8e31c0000 of 64 bytes failed: Only part of a ReadProcessMemory or WriteProcessMemory request was completed. (0x12B)
[0917/214200.775:WARNING:pe_image_reader.cc(340)] could not read dos header from C:\WINDOWS\System32\sechost.dll
[0917/214200.775:ERROR:process_memory_win.cc(73)] ReadMemory at 0x7ff8e2580000 of 64 bytes failed: Only part of a ReadProcessMemory or WriteProcessMemory request was completed. (0x12B)
[0917/214200.775:WARNING:pe_image_reader.cc(340)] could not read dos header from C:\WINDOWS\System32\RPCRT4.dll
[0917/214200.775:ERROR:process_memory_win.cc(73)] ReadMemory at 0x7ff885540000 of 64 bytes failed: Only part of a ReadProcessMemory or WriteProcessMemory request was completed. (0x12B)
[0917/214200.775:WARNING:pe_image_reader.cc(340)] could not read dos header from C:\Program Files (x86)\Google\Chrome\Application\76.0.3809.132\chrome_child.dll
[0917/214200.775:ERROR:process_memory_win.cc(73)] ReadMemory at 0x7ff8e3250000 of 64 bytes failed: Only part of a ReadProcessMemory or WriteProcessMemory request was completed. (0x12B)
[0917/214200.775:WARNING:pe_image_reader.cc(340)] could not read dos header from C:\WINDOWS\System32\OLEAUT32.dll
[0917/214200.775:ERROR:process_memory_win.cc(73)] ReadMemory at 0x7ff8e0ad0000 of 64 bytes failed: Only part of a ReadProcessMemory or WriteProcessMemory request was completed. (0x12B)
[0917/214200.775:WARNING:pe_image_reader.cc(340)] could not read dos header from C:\WINDOWS\System32\msvcp_win.dll
[0917/214200.775:ERROR:process_memory_win.cc(73)] ReadMemory at 0x7ff8e02c0000 of 64 bytes failed: Only part of a ReadProcessMemory or WriteProcessMemory request was completed. (0x12B)
[0917/214200.775:WARNING:pe_image_reader.cc(340)] could not read dos header from C:\WINDOWS\System32\ucrtbase.dll
[0917/214200.775:ERROR:process_memory_win.cc(73)] ReadMemory at 0x7ff8e2ce0000 of 64 bytes failed: Only part of a ReadProcessMemory or WriteProcessMemory request was completed. (0x12B)
[0917/214200.775:WARNING:pe_image_reader.cc(340)] could not read dos header from C:\WINDOWS\System32\combase.dll
[0917/214200.775:ERROR:process_memory_win.cc(73)] ReadMemory at 0x7ff8e2bd0000 of 64 bytes failed: Only part of a ReadProcessMemory or WriteProcessMemory request was completed. (0x12B)
[0917/214200.776:WARNING:pe_image_reader.cc(340)] could not read dos header from C:\WINDOWS\System32\WS2_32.dll
[0917/214200.776:ERROR:process_memory_win.cc(73)] ReadMemory at 0x7ff8e3010000 of 64 bytes failed: Only part of a ReadProcessMemory or WriteProcessMemory request was completed. (0x12B)
[0917/214200.776:WARNING:pe_image_reader.cc(340)] could not read dos header from C:\WINDOWS\System32\GDI32.dll
[0917/214200.776:ERROR:process_memory_win.cc(73)] ReadMemory at 0x7ff8e0070000 of 64 bytes failed: Only part of a ReadProcessMemory or WriteProcessMemory request was completed. (0x12B)
[0917/214200.776:WARNING:pe_image_reader.cc(340)] could not read dos header from C:\WINDOWS\System32\gdi32full.dll
[0917/214200.776:ERROR:process_memory_win.cc(73)] ReadMemory at 0x7ff8e3480000 of 64 bytes failed: Only part of a ReadProcessMemory or WriteProcessMemory request was completed. (0x12B)
[0917/214200.776:WARNING:pe_image_reader.cc(340)] could not read dos header from C:\WINDOWS\System32\USER32.dll
[0917/214200.776:ERROR:process_memory_win.cc(73)] ReadMemory at 0x7ff8dfb90000 of 64 bytes failed: Only part of a ReadProcessMemory or WriteProcessMemory request was completed. (0x12B)
[0917/214200.776:WARNING:pe_image_reader.cc(340)] could not read dos header from C:\WINDOWS\System32\win32u.dll
[0917/214200.776:ERROR:process_memory_win.cc(73)] ReadMemory at 0x7ff8dfab0000 of 64 bytes failed: Only part of a ReadProcessMemory or WriteProcessMemory request was completed. (0x12B)
[0917/214200.776:WARNING:pe_image_reader.cc(340)] could not read dos header from C:\WINDOWS\System32\WINTRUST.dll
[0917/214200.776:ERROR:process_memory_win.cc(73)] ReadMemory at 0x7ff8dfa20000 of 64 bytes failed: Only part of a ReadProcessMemory or WriteProcessMemory request was completed. (0x12B)
[0917/214200.776:WARNING:pe_image_reader.cc(340)] could not read dos header from C:\WINDOWS\System32\MSASN1.dll
[0917/214200.776:ERROR:process_memory_win.cc(73)] ReadMemory at 0x7ff8dfe30000 of 64 bytes failed: Only part of a ReadProcessMemory or WriteProcessMemory request was completed. (0x12B)
[0917/214200.776:WARNING:pe_image_reader.cc(340)] could not read dos header from C:\WINDOWS\System32\CRYPT32.dll
[0917/214200.777:ERROR:process_memory_win.cc(73)] ReadMemory at 0x7ff8def60000 of 64 bytes failed: Only part of a ReadProcessMemory or WriteProcessMemory request was completed. (0x12B)
[0917/214200.777:WARNING:pe_image_reader.cc(340)] could not read dos header from C:\WINDOWS\SYSTEM32\IPHLPAPI.DLL
[0917/214200.777:ERROR:process_memory_win.cc(73)] ReadMemory at 0x7ff8d20b0000 of 64 bytes failed: Only part of a ReadProcessMemory or WriteProcessMemory request was completed. (0x12B)
[0917/214200.777:WARNING:pe_image_reader.cc(340)] could not read dos header from C:\WINDOWS\SYSTEM32\WINMM.dll
[0917/214200.777:ERROR:process_memory_win.cc(73)] ReadMemory at 0x7ff8df8f0000 of 64 bytes failed: Only part of a ReadProcessMemory or WriteProcessMemory request was completed. (0x12B)
[0917/214200.777:WARNING:pe_image_reader.cc(340)] could not read dos header from C:\WINDOWS\SYSTEM32\USERENV.dll
[0917/214200.777:ERROR:process_memory_win.cc(73)] ReadMemory at 0x7ff8dfa40000 of 64 bytes failed: Only part of a ReadProcessMemory or WriteProcessMemory request was completed. (0x12B)
[0917/214200.777:WARNING:pe_image_reader.cc(340)] could not read dos header from C:\WINDOWS\System32\profapi.dll
[0917/214200.777:ERROR:process_memory_win.cc(73)] ReadMemory at 0x7ff8cde40000 of 64 bytes failed: Only part of a ReadProcessMemory or WriteProcessMemory request was completed. (0x12B)
[0917/214200.777:WARNING:pe_image_reader.cc(340)] could not read dos header from C:\WINDOWS\SYSTEM32\DWrite.dll
[0917/214200.777:ERROR:process_memory_win.cc(73)] ReadMemory at 0x7ff8dca00000 of 64 bytes failed: Only part of a ReadProcessMemory or WriteProcessMemory request was completed. (0x12B)
[0917/214200.777:WARNING:pe_image_reader.cc(340)] could not read dos header from C:\WINDOWS\SYSTEM32\WINSPOOL.DRV
[0917/214200.777:ERROR:process_memory_win.cc(73)] ReadMemory at 0x7ff8dfa00000 of 64 bytes failed: Only part of a ReadProcessMemory or WriteProcessMemory request was completed. (0x12B)
[0917/214200.777:WARNING:pe_image_reader.cc(340)] could not read dos header from C:\WINDOWS\System32\kernel.appcore.dll
[0917/214200.777:ERROR:process_memory_win.cc(73)] ReadMemory at 0x7ff8da890000 of 64 bytes failed: Only part of a ReadProcessMemory or WriteProcessMemory request was completed. (0x12B)
[0917/214200.778:WARNING:pe_image_reader.cc(340)] could not read dos header from C:\WINDOWS\SYSTEM32\dbghelp.dll
[0917/214200.778:ERROR:process_memory_win.cc(73)] ReadMemory at 0x7ff8d84d0000 of 64 bytes failed: Only part of a ReadProcessMemory or WriteProcessMemory request was completed. (0x12B)
[0917/214200.778:WARNING:pe_image_reader.cc(340)] could not read dos header from C:\WINDOWS\SYSTEM32\WINHTTP.dll
[0917/214200.778:ERROR:process_memory_win.cc(73)] ReadMemory at 0x7ff8cfa40000 of 64 bytes failed: Only part of a ReadProcessMemory or WriteProcessMemory request was completed. (0x12B)
[0917/214200.778:WARNING:pe_image_reader.cc(340)] could not read dos header from C:\WINDOWS\SYSTEM32\Secur32.dll
[0917/214200.778:ERROR:process_memory_win.cc(73)] ReadMemory at 0x7ff8d9e40000 of 64 bytes failed: Only part of a ReadProcessMemory or WriteProcessMemory request was completed. (0x12B)
[0917/214200.778:WARNING:pe_image_reader.cc(340)] could not read dos header from C:\WINDOWS\SYSTEM32\dhcpcsvc.DLL
[0917/214200.778:ERROR:process_memory_win.cc(73)] ReadMemory at 0x7ff8e3470000 of 64 bytes failed: Only part of a ReadProcessMemory or WriteProcessMemory request was completed. (0x12B)
[0917/214200.778:WARNING:pe_image_reader.cc(340)] could not read dos header from C:\WINDOWS\System32\NSI.dll
[0917/214200.778:ERROR:process_memory_win.cc(73)] ReadMemory at 0x7ff8d1e10000 of 64 bytes failed: Only part of a ReadProcessMemory or WriteProcessMemory request was completed. (0x12B)
[0917/214200.778:WARNING:pe_image_reader.cc(340)] could not read dos header from C:\WINDOWS\SYSTEM32\WINMMBASE.dll
[0917/214200.778:ERROR:process_memory_win.cc(73)] ReadMemory at 0x7ff8e0020000 of 64 bytes failed: Only part of a ReadProcessMemory or WriteProcessMemory request was completed. (0x12B)
[0917/214200.778:WARNING:pe_image_reader.cc(340)] could not read dos header from C:\WINDOWS\System32\cfgmgr32.dll
[0917/214200.778:ERROR:process_memory_win.cc(73)] ReadMemory at 0x7ff8dbc10000 of 64 bytes failed: Only part of a ReadProcessMemory or WriteProcessMemory request was completed. (0x12B)
[0917/214200.779:WARNING:pe_image_reader.cc(340)] could not read dos header from C:\WINDOWS\SYSTEM32\PROPSYS.dll
[0917/214200.779:ERROR:process_memory_win.cc(73)] ReadMemory at 0x7ff8e3320000 of 64 bytes failed: Only part of a ReadProcessMemory or WriteProcessMemory request was completed. (0x12B)
[0917/214200.779:WARNING:pe_image_reader.cc(340)] could not read dos header from C:\WINDOWS\System32\shcore.dll
[0917/214200.779:ERROR:process_memory_win.cc(73)] ReadMemory at 0x7ff8df4f0000 of 64 bytes failed: Only part of a ReadProcessMemory or WriteProcessMemory request was completed. (0x12B)
[0917/214200.779:WARNING:pe_image_reader.cc(340)] could not read dos header from C:\WINDOWS\SYSTEM32\bcrypt.dll
[0917/214200.779:ERROR:process_memory_win.cc(73)] ReadMemory at 0x7ff8df920000 of 64 bytes failed: Only part of a ReadProcessMemory or WriteProcessMemory request was completed. (0x12B)
[0917/214200.779:WARNING:pe_image_reader.cc(340)] could not read dos header from C:\WINDOWS\SYSTEM32\SSPICLI.DLL
[0917/214200.779:ERROR:process_memory_win.cc(73)] ReadMemory at 0x7ff8e3220000 of 64 bytes failed: Only part of a ReadProcessMemory or WriteProcessMemory request was completed. (0x12B)
[0917/214200.779:WARNING:pe_image_reader.cc(340)] could not read dos header from C:\WINDOWS\System32\IMM32.DLL
[0917/214200.779:ERROR:process_memory_win.cc(73)] ReadMemory at 0x7ff8e2790000 of 64 bytes failed: Only part of a ReadProcessMemory or WriteProcessMemory request was completed. (0x12B)
[0917/214200.779:WARNING:pe_image_reader.cc(340)] could not read dos header from C:\WINDOWS\System32\ole32.dll
[0917/214200.779:ERROR:process_memory_win.cc(73)] ReadMemory at 0x7ff8df3e0000 of 64 bytes failed: Only part of a ReadProcessMemory or WriteProcessMemory request was completed. (0x12B)
[0917/214200.779:WARNING:pe_image_reader.cc(340)] could not read dos header from C:\WINDOWS\SYSTEM32\CRYPTBASE.DLL
[0917/214200.780:ERROR:process_memory_win.cc(73)] ReadMemory at 0x7ff767270000 of 64 bytes failed: Only part of a ReadProcessMemory or WriteProcessMemory request was completed. (0x12B)
[0917/214200.780:WARNING:pe_image_reader.cc(340)] could not read dos header from C:\Program Files (x86)\Google\Chrome\Application\chrome.exe
[0917/214200.780:ERROR:process_memory_win.cc(73)] ReadMemory at 0x7ff8e36f0000 of 64 bytes failed: Only part of a ReadProcessMemory or WriteProcessMemory request was completed. (0x12B)
[0917/214200.780:WARNING:pe_image_reader.cc(340)] could not read dos header from C:\WINDOWS\SYSTEM32\ntdll.dll
[0917/214200.780:ERROR:process_memory_win.cc(73)] ReadMemory at 0x7ff8e26b0000 of 64 bytes failed: Only part of a ReadProcessMemory or WriteProcessMemory request was completed. (0x12B)
[0917/214200.780:WARNING:pe_image_reader.cc(340)] could not read dos header from C:\WINDOWS\System32\KERNEL32.dll
[0917/214200.780:ERROR:process_memory_win.cc(73)] ReadMemory at 0x7ff8dfbb0000 of 64 bytes failed: Only part of a ReadProcessMemory or WriteProcessMemory request was completed. (0x12B)
[0917/214200.780:WARNING:pe_image_reader.cc(340)] could not read dos header from C:\WINDOWS\System32\KERNELBASE.dll
[0917/214200.780:ERROR:process_memory_win.cc(73)] ReadMemory at 0x7ff8ad6c0000 of 64 bytes failed: Only part of a ReadProcessMemory or WriteProcessMemory request was completed. (0x12B)
[0917/214200.780:WARNING:pe_image_reader.cc(340)] could not read dos header from C:\Program Files (x86)\Google\Chrome\Application\76.0.3809.132\chrome_elf.dll
[0917/214200.780:ERROR:process_memory_win.cc(73)] ReadMemory at 0x7ff8d5c10000 of 64 bytes failed: Only part of a ReadProcessMemory or WriteProcessMemory request was completed. (0x12B)
[0917/214200.781:WARNING:pe_image_reader.cc(340)] could not read dos header from C:\WINDOWS\SYSTEM32\VERSION.dll
[0917/214200.781:ERROR:process_memory_win.cc(73)] ReadMemory at 0x7ff8e2c40000 of 64 bytes failed: Only part of a ReadProcessMemory or WriteProcessMemory request was completed. (0x12B)
[0917/214200.781:WARNING:pe_image_reader.cc(340)] could not read dos header from C:\WINDOWS\System32\msvcrt.dll
[0917/214200.781:ERROR:process_memory_win.cc(73)] ReadMemory at 0x7ff8dfb10000 of 64 bytes failed: Only part of a ReadProcessMemory or WriteProcessMemory request was completed. (0x12B)
[0917/214200.781:WARNING:pe_image_reader.cc(340)] could not read dos header from C:\WINDOWS\System32\bcryptPrimitives.dll
[0917/214200.781:ERROR:process_memory_win.cc(73)] ReadMemory at 0x7ff8e3610000 of 64 bytes failed: Only part of a ReadProcessMemory or WriteProcessMemory request was completed. (0x12B)
[0917/214200.781:WARNING:pe_image_reader.cc(340)] could not read dos header from C:\WINDOWS\System32\ADVAPI32.dll
[0917/214200.781:ERROR:process_memory_win.cc(73)] ReadMemory at 0x7ff8e31c0000 of 64 bytes failed: Only part of a ReadProcessMemory or WriteProcessMemory request was completed. (0x12B)
[0917/214200.781:WARNING:pe_image_reader.cc(340)] could not read dos header from C:\WINDOWS\System32\sechost.dll
[0917/214200.781:ERROR:process_memory_win.cc(73)] ReadMemory at 0x7ff8e2580000 of 64 bytes failed: Only part of a ReadProcessMemory or WriteProcessMemory request was completed. (0x12B)
[0917/214200.781:WARNING:pe_image_reader.cc(340)] could not read dos header from C:\WINDOWS\System32\RPCRT4.dll
[0917/214200.781:ERROR:process_memory_win.cc(73)] ReadMemory at 0x7ff885540000 of 64 bytes failed: Only part of a ReadProcessMemory or WriteProcessMemory request was completed. (0x12B)
[0917/214200.782:WARNING:pe_image_reader.cc(340)] could not read dos header from C:\Program Files (x86)\Google\Chrome\Application\76.0.3809.132\chrome_child.dll
[0917/214200.782:ERROR:process_memory_win.cc(73)] ReadMemory at 0x7ff8e3250000 of 64 bytes failed: Only part of a ReadProcessMemory or WriteProcessMemory request was completed. (0x12B)
[0917/214200.782:WARNING:pe_image_reader.cc(340)] could not read dos header from C:\WINDOWS\System32\OLEAUT32.dll
[0917/214200.782:ERROR:process_memory_win.cc(73)] ReadMemory at 0x7ff8e0ad0000 of 64 bytes failed: Only part of a ReadProcessMemory or WriteProcessMemory request was completed. (0x12B)
[0917/214200.782:WARNING:pe_image_reader.cc(340)] could not read dos header from C:\WINDOWS\System32\msvcp_win.dll
[0917/214200.782:ERROR:process_memory_win.cc(73)] ReadMemory at 0x7ff8e02c0000 of 64 bytes failed: Only part of a ReadProcessMemory or WriteProcessMemory request was completed. (0x12B)
[0917/214200.782:WARNING:pe_image_reader.cc(340)] could not read dos header from C:\WINDOWS\System32\ucrtbase.dll
[0917/214200.782:ERROR:process_memory_win.cc(73)] ReadMemory at 0x7ff8e2ce0000 of 64 bytes failed: Only part of a ReadProcessMemory or WriteProcessMemory request was completed. (0x12B)
[0917/214200.782:WARNING:pe_image_reader.cc(340)] could not read dos header from C:\WINDOWS\System32\combase.dll
[0917/214200.782:ERROR:process_memory_win.cc(73)] ReadMemory at 0x7ff8e2bd0000 of 64 bytes failed: Only part of a ReadProcessMemory or WriteProcessMemory request was completed. (0x12B)
[0917/214200.782:WARNING:pe_image_reader.cc(340)] could not read dos header from C:\WINDOWS\System32\WS2_32.dll
[0917/214200.782:ERROR:process_memory_win.cc(73)] ReadMemory at 0x7ff8e3010000 of 64 bytes failed: Only part of a ReadProcessMemory or WriteProcessMemory request was completed. (0x12B)
[0917/214200.782:WARNING:pe_image_reader.cc(340)] could not read dos header from C:\WINDOWS\System32\GDI32.dll
[0917/214200.783:ERROR:process_memory_win.cc(73)] ReadMemory at 0x7ff8e0070000 of 64 bytes failed: Only part of a ReadProcessMemory or WriteProcessMemory request was completed. (0x12B)
[0917/214200.783:WARNING:pe_image_reader.cc(340)] could not read dos header from C:\WINDOWS\System32\gdi32full.dll
[0917/214200.783:ERROR:process_memory_win.cc(73)] ReadMemory at 0x7ff8e3480000 of 64 bytes failed: Only part of a ReadProcessMemory or WriteProcessMemory request was completed. (0x12B)
[0917/214200.783:WARNING:pe_image_reader.cc(340)] could not read dos header from C:\WINDOWS\System32\USER32.dll
[0917/214200.783:ERROR:process_memory_win.cc(73)] ReadMemory at 0x7ff8dfb90000 of 64 bytes failed: Only part of a ReadProcessMemory or WriteProcessMemory request was completed. (0x12B)
[0917/214200.783:WARNING:pe_image_reader.cc(340)] could not read dos header from C:\WINDOWS\System32\win32u.dll
[0917/214200.783:ERROR:process_memory_win.cc(73)] ReadMemory at 0x7ff8dfab0000 of 64 bytes failed: Only part of a ReadProcessMemory or WriteProcessMemory request was completed. (0x12B)
[0917/214200.783:WARNING:pe_image_reader.cc(340)] could not read dos header from C:\WINDOWS\System32\WINTRUST.dll
[0917/214200.783:ERROR:process_memory_win.cc(73)] ReadMemory at 0x7ff8dfa20000 of 64 bytes failed: Only part of a ReadProcessMemory or WriteProcessMemory request was completed. (0x12B)
[0917/214200.783:WARNING:pe_image_reader.cc(340)] could not read dos header from C:\WINDOWS\System32\MSASN1.dll
[0917/214200.783:ERROR:process_memory_win.cc(73)] ReadMemory at 0x7ff8dfe30000 of 64 bytes failed: Only part of a ReadProcessMemory or WriteProcessMemory request was completed. (0x12B)
[0917/214200.783:WARNING:pe_image_reader.cc(340)] could not read dos header from C:\WINDOWS\System32\CRYPT32.dll
[0917/214200.783:ERROR:process_memory_win.cc(73)] ReadMemory at 0x7ff8def60000 of 64 bytes failed: Only part of a ReadProcessMemory or WriteProcessMemory request was completed. (0x12B)
[0917/214200.783:WARNING:pe_image_reader.cc(340)] could not read dos header from C:\WINDOWS\SYSTEM32\IPHLPAPI.DLL
[0917/214200.784:ERROR:process_memory_win.cc(73)] ReadMemory at 0x7ff8d20b0000 of 64 bytes failed: Only part of a ReadProcessMemory or WriteProcessMemory request was completed. (0x12B)
[0917/214200.784:WARNING:pe_image_reader.cc(340)] could not read dos header from C:\WINDOWS\SYSTEM32\WINMM.dll
[0917/214200.784:ERROR:process_memory_win.cc(73)] ReadMemory at 0x7ff8df8f0000 of 64 bytes failed: Only part of a ReadProcessMemory or WriteProcessMemory request was completed. (0x12B)
[0917/214200.784:WARNING:pe_image_reader.cc(340)] could not read dos header from C:\WINDOWS\SYSTEM32\USERENV.dll
[0917/214200.784:ERROR:process_memory_win.cc(73)] ReadMemory at 0x7ff8dfa40000 of 64 bytes failed: Only part of a ReadProcessMemory or WriteProcessMemory request was completed. (0x12B)
[0917/214200.784:WARNING:pe_image_reader.cc(340)] could not read dos header from C:\WINDOWS\System32\profapi.dll
[0917/214200.784:ERROR:process_memory_win.cc(73)] ReadMemory at 0x7ff8cde40000 of 64 bytes failed: Only part of a ReadProcessMemory or WriteProcessMemory request was completed. (0x12B)
[0917/214200.784:WARNING:pe_image_reader.cc(340)] could not read dos header from C:\WINDOWS\SYSTEM32\DWrite.dll
[0917/214200.784:ERROR:process_memory_win.cc(73)] ReadMemory at 0x7ff8dca00000 of 64 bytes failed: Only part of a ReadProcessMemory or WriteProcessMemory request was completed. (0x12B)
[0917/214200.784:WARNING:pe_image_reader.cc(340)] could not read dos header from C:\WINDOWS\SYSTEM32\WINSPOOL.DRV
[0917/214200.784:ERROR:process_memory_win.cc(73)] ReadMemory at 0x7ff8dfa00000 of 64 bytes failed: Only part of a ReadProcessMemory or WriteProcessMemory request was completed. (0x12B)
[0917/214200.784:WARNING:pe_image_reader.cc(340)] could not read dos header from C:\WINDOWS\System32\kernel.appcore.dll
[0917/214200.785:ERROR:process_memory_win.cc(73)] ReadMemory at 0x7ff8da890000 of 64 bytes failed: Only part of a ReadProcessMemory or WriteProcessMemory request was completed. (0x12B)
[0917/214200.785:WARNING:pe_image_reader.cc(340)] could not read dos header from C:\WINDOWS\SYSTEM32\dbghelp.dll
[0917/214200.785:ERROR:process_memory_win.cc(73)] ReadMemory at 0x7ff8d84d0000 of 64 bytes failed: Only part of a ReadProcessMemory or WriteProcessMemory request was completed. (0x12B)
[0917/214200.785:WARNING:pe_image_reader.cc(340)] could not read dos header from C:\WINDOWS\SYSTEM32\WINHTTP.dll
[0917/214200.785:ERROR:process_memory_win.cc(73)] ReadMemory at 0x7ff8cfa40000 of 64 bytes failed: Only part of a ReadProcessMemory or WriteProcessMemory request was completed. (0x12B)
[0917/214200.785:WARNING:pe_image_reader.cc(340)] could not read dos header from C:\WINDOWS\SYSTEM32\Secur32.dll
[0917/214200.785:ERROR:process_memory_win.cc(73)] ReadMemory at 0x7ff8d9e40000 of 64 bytes failed: Only part of a ReadProcessMemory or WriteProcessMemory request was completed. (0x12B)
[0917/214200.785:WARNING:pe_image_reader.cc(340)] could not read dos header from C:\WINDOWS\SYSTEM32\dhcpcsvc.DLL
[0917/214200.785:ERROR:process_memory_win.cc(73)] ReadMemory at 0x7ff8e3470000 of 64 bytes failed: Only part of a ReadProcessMemory or WriteProcessMemory request was completed. (0x12B)
[0917/214200.785:WARNING:pe_image_reader.cc(340)] could not read dos header from C:\WINDOWS\System32\NSI.dll
[0917/214200.785:ERROR:process_memory_win.cc(73)] ReadMemory at 0x7ff8d1e10000 of 64 bytes failed: Only part of a ReadProcessMemory or WriteProcessMemory request was completed. (0x12B)
[0917/214200.785:WARNING:pe_image_reader.cc(340)] could not read dos header from C:\WINDOWS\SYSTEM32\WINMMBASE.dll
[0917/214200.785:ERROR:process_memory_win.cc(73)] ReadMemory at 0x7ff8e0020000 of 64 bytes failed: Only part of a ReadProcessMemory or WriteProcessMemory request was completed. (0x12B)
[0917/214200.786:WARNING:pe_image_reader.cc(340)] could not read dos header from C:\WINDOWS\System32\cfgmgr32.dll
[0917/214200.786:ERROR:process_memory_win.cc(73)] ReadMemory at 0x7ff8dbc10000 of 64 bytes failed: Only part of a ReadProcessMemory or WriteProcessMemory request was completed. (0x12B)
[0917/214200.786:WARNING:pe_image_reader.cc(340)] could not read dos header from C:\WINDOWS\SYSTEM32\PROPSYS.dll
[0917/214200.786:ERROR:process_memory_win.cc(73)] ReadMemory at 0x7ff8e3320000 of 64 bytes failed: Only part of a ReadProcessMemory or WriteProcessMemory request was completed. (0x12B)
[0917/214200.786:WARNING:pe_image_reader.cc(340)] could not read dos header from C:\WINDOWS\System32\shcore.dll
[0917/214200.786:ERROR:process_memory_win.cc(73)] ReadMemory at 0x7ff8df4f0000 of 64 bytes failed: Only part of a ReadProcessMemory or WriteProcessMemory request was completed. (0x12B)
[0917/214200.786:WARNING:pe_image_reader.cc(340)] could not read dos header from C:\WINDOWS\SYSTEM32\bcrypt.dll
[0917/214200.786:ERROR:process_memory_win.cc(73)] ReadMemory at 0x7ff8df920000 of 64 bytes failed: Only part of a ReadProcessMemory or WriteProcessMemory request was completed. (0x12B)
[0917/214200.786:WARNING:pe_image_reader.cc(340)] could not read dos header from C:\WINDOWS\SYSTEM32\SSPICLI.DLL
[0917/214200.786:ERROR:process_memory_win.cc(73)] ReadMemory at 0x7ff8e3220000 of 64 bytes failed: Only part of a ReadProcessMemory or WriteProcessMemory request was completed. (0x12B)
[0917/214200.786:WARNING:pe_image_reader.cc(340)] could not read dos header from C:\WINDOWS\System32\IMM32.DLL
[0917/214200.787:ERROR:process_memory_win.cc(73)] ReadMemory at 0x7ff8e2790000 of 64 bytes failed: Only part of a ReadProcessMemory or WriteProcessMemory request was completed. (0x12B)
[0917/214200.787:WARNING:pe_image_reader.cc(340)] could not read dos header from C:\WINDOWS\System32\ole32.dll
[0917/214200.787:ERROR:process_memory_win.cc(73)] ReadMemory at 0x7ff8df3e0000 of 64 bytes failed: Only part of a ReadProcessMemory or WriteProcessMemory request was completed. (0x12B)
[0917/214200.787:WARNING:pe_image_reader.cc(340)] could not read dos header from C:\WINDOWS\SYSTEM32\CRYPTBASE.DLL
[0917/214200.838:ERROR:process_memory_win.cc(73)] ReadMemory at 0xce83bed000 of 77824 bytes failed: Only part of a ReadProcessMemory or WriteProcessMemory request was completed. (0x12B)
[0917/214200.839:ERROR:process_memory_win.cc(73)] ReadMemory at 0xce83dfd000 of 12288 bytes failed: Only part of a ReadProcessMemory or WriteProcessMemory request was completed. (0x12B)
[0917/214200.839:ERROR:process_memory_win.cc(73)] ReadMemory at 0xce83ffd000 of 12288 bytes failed: Only part of a ReadProcessMemory or WriteProcessMemory request was completed. (0x12B)
[0917/214200.839:ERROR:process_memory_win.cc(73)] ReadMemory at 0xce841fd000 of 12288 bytes failed: Only part of a ReadProcessMemory or WriteProcessMemory request was completed. (0x12B)
[0917/214200.839:ERROR:process_memory_win.cc(73)] ReadMemory at 0xce843fc000 of 16384 bytes failed: Only part of a ReadProcessMemory or WriteProcessMemory request was completed. (0x12B)
[0917/214200.840:ERROR:process_memory_win.cc(73)] ReadMemory at 0xce845fe000 of 8192 bytes failed: Only part of a ReadProcessMemory or WriteProcessMemory request was completed. (0x12B)
[0917/214200.840:ERROR:process_memory_win.cc(73)] ReadMemory at 0xce847fd000 of 12288 bytes failed: Only part of a ReadProcessMemory or WriteProcessMemory request was completed. (0x12B)
[0917/214200.840:ERROR:process_memory_win.cc(73)] ReadMemory at 0xce849fd000 of 12288 bytes failed: Only part of a ReadProcessMemory or WriteProcessMemory request was completed. (0x12B)
[0917/214200.840:ERROR:process_memory_win.cc(73)] ReadMemory at 0xce84bfd000 of 12288 bytes failed: Only part of a ReadProcessMemory or WriteProcessMemory request was completed. (0x12B)
[0917/214200.841:ERROR:process_memory_win.cc(73)] ReadMemory at 0xce84dfd000 of 12288 bytes failed: Only part of a ReadProcessMemory or WriteProcessMemory request was completed. (0x12B)
[0917/214200.841:ERROR:process_memory_win.cc(73)] ReadMemory at 0xce84ffd000 of 12288 bytes failed: Only part of a ReadProcessMemory or WriteProcessMemory request was completed. (0x12B)
[0917/214200.841:ERROR:process_memory_win.cc(73)] ReadMemory at 0xce851fd000 of 12288 bytes failed: Only part of a ReadProcessMemory or WriteProcessMemory request was completed. (0x12B)
[0917/214200.841:ERROR:process_memory_win.cc(73)] ReadMemory at 0xce853fd000 of 12288 bytes failed: Only part of a ReadProcessMemory or WriteProcessMemory request was completed. (0x12B)
[0917/214200.842:ERROR:process_memory_win.cc(73)] ReadMemory at 0xce83822000 of 852 bytes failed: Only part of a ReadProcessMemory or WriteProcessMemory request was completed. (0x12B)
[0917/214200.842:ERROR:process_memory_win.cc(73)] ReadMemory at 0xce83823000 of 6024 bytes failed: Only part of a ReadProcessMemory or WriteProcessMemory request was completed. (0x12B)
[0917/214200.842:ERROR:process_memory_win.cc(73)] ReadMemory at 0xce83825000 of 6024 bytes failed: Only part of a ReadProcessMemory or WriteProcessMemory request was completed. (0x12B)
[0917/214200.842:ERROR:process_memory_win.cc(73)] ReadMemory at 0xce83827000 of 6024 bytes failed: Only part of a ReadProcessMemory or WriteProcessMemory request was completed. (0x12B)
[0917/214200.842:ERROR:process_memory_win.cc(73)] ReadMemory at 0xce83829000 of 6024 bytes failed: Only part of a ReadProcessMemory or WriteProcessMemory request was completed. (0x12B)
[0917/214200.842:ERROR:process_memory_win.cc(73)] ReadMemory at 0xce8382b000 of 6024 bytes failed: Only part of a ReadProcessMemory or WriteProcessMemory request was completed. (0x12B)
[0917/214200.843:ERROR:process_memory_win.cc(73)] ReadMemory at 0xce8382d000 of 6024 bytes failed: Only part of a ReadProcessMemory or WriteProcessMemory request was completed. (0x12B)
[0917/214200.843:ERROR:process_memory_win.cc(73)] ReadMemory at 0xce8382f000 of 6024 bytes failed: Only part of a ReadProcessMemory or WriteProcessMemory request was completed. (0x12B)
[0917/214200.843:ERROR:process_memory_win.cc(73)] ReadMemory at 0xce83831000 of 6024 bytes failed: Only part of a ReadProcessMemory or WriteProcessMemory request was completed. (0x12B)
[0917/214200.843:ERROR:process_memory_win.cc(73)] ReadMemory at 0xce83833000 of 6024 bytes failed: Only part of a ReadProcessMemory or WriteProcessMemory request was completed. (0x12B)
[0917/214200.844:ERROR:process_memory_win.cc(73)] ReadMemory at 0xce83835000 of 6024 bytes failed: Only part of a ReadProcessMemory or WriteProcessMemory request was completed. (0x12B)
[0917/214200.844:ERROR:process_memory_win.cc(73)] ReadMemory at 0xce83837000 of 6024 bytes failed: Only part of a ReadProcessMemory or WriteProcessMemory request was completed. (0x12B)
[0917/214200.844:ERROR:process_memory_win.cc(73)] ReadMemory at 0xce83839000 of 6024 bytes failed: Only part of a ReadProcessMemory or WriteProcessMemory request was completed. (0x12B)
[0917/214200.844:ERROR:process_memory_win.cc(73)] ReadMemory at 0xce8383b000 of 6024 bytes failed: Only part of a ReadProcessMemory or WriteProcessMemory request was completed. (0x12B)
[0917/214200.844:ERROR:process_memory_win.cc(73)] ReadMemory at 0x2236e3f0fc0 of 4580 bytes failed: Only part of a ReadProcessMemory or WriteProcessMemory request was completed. (0x12B)
[0917/214200.844:ERROR:process_memory_win.cc(73)] ReadMemory at 0x2236e3f21b0 of 1012 bytes failed: Only part of a ReadProcessMemory or WriteProcessMemory request was completed. (0x12B)
[0917/214200.845:ERROR:process_memory_win.cc(73)] ReadMemory at 0x2236e3f27c8 of 118 bytes failed: Only part of a ReadProcessMemory or WriteProcessMemory request was completed. (0x12B)
[0917/214200.845:ERROR:process_memory_win.cc(73)] ReadMemory at 0x2236e3f2840 of 862 bytes failed: Only part of a ReadProcessMemory or WriteProcessMemory request was completed. (0x12B)
[0917/214200.845:ERROR:process_memory_win.cc(73)] ReadMemory at 0x2236e3f2ba0 of 118 bytes failed: Only part of a ReadProcessMemory or WriteProcessMemory request was completed. (0x12B)
[0917/214200.845:ERROR:process_memory_win.cc(73)] ReadMemory at 0x2236e3f2c18 of 100 bytes failed: Only part of a ReadProcessMemory or WriteProcessMemory request was completed. (0x12B)
[0917/214200.845:ERROR:process_memory_win.cc(73)] ReadMemory at 0x2236e3f2c90 of 58 bytes failed: Only part of a ReadProcessMemory or WriteProcessMemory request was completed. (0x12B)
[0917/214200.845:ERROR:process_memory_win.cc(73)] ReadMemory at 0x2236e3f2d90 of 132 bytes failed: Only part of a ReadProcessMemory or WriteProcessMemory request was completed. (0x12B)
[0917/214200.845:ERROR:process_memory_win.cc(73)] ReadMemory at 0x2236e3f2f20 of 132 bytes failed: Only part of a ReadProcessMemory or WriteProcessMemory request was completed. (0x12B)
[0917/214200.845:ERROR:process_memory_win.cc(73)] ReadMemory at 0x2236e3f30e0 of 126 bytes failed: Only part of a ReadProcessMemory or WriteProcessMemory request was completed. (0x12B)
[0917/214200.845:ERROR:process_memory_win.cc(73)] ReadMemory at 0x2236e3f33d0 of 132 bytes failed: Only part of a ReadProcessMemory or WriteProcessMemory request was completed. (0x12B)
[0917/214200.846:ERROR:process_memory_win.cc(73)] ReadMemory at 0x2236e3f3cc0 of 132 bytes failed: Only part of a ReadProcessMemory or WriteProcessMemory request was completed. (0x12B)
[0917/214200.846:ERROR:process_memory_win.cc(73)] ReadMemory at 0x2236e3f3e50 of 64 bytes failed: Only part of a ReadProcessMemory or WriteProcessMemory request was completed. (0x12B)
[0917/214200.846:ERROR:process_memory_win.cc(73)] ReadMemory at 0x2236e3f3ea0 of 158 bytes failed: Only part of a ReadProcessMemory or WriteProcessMemory request was completed. (0x12B)
[0917/214200.846:ERROR:process_memory_win.cc(73)] ReadMemory at 0x2236e3f3f80 of 132 bytes failed: Only part of a ReadProcessMemory or WriteProcessMemory request was completed. (0x12B)
[0917/214200.846:ERROR:process_memory_win.cc(73)] ReadMemory at 0x2236e3f42a0 of 132 bytes failed: Only part of a ReadProcessMemory or WriteProcessMemory request was completed. (0x12B)
[0917/214200.846:ERROR:process_memory_win.cc(73)] ReadMemory at 0x2236e3f4430 of 68 bytes failed: Only part of a ReadProcessMemory or WriteProcessMemory request was completed. (0x12B)
[0917/214200.846:ERROR:process_memory_win.cc(73)] ReadMemory at 0x2236e3f8fe0 of 132 bytes failed: Only part of a ReadProcessMemory or WriteProcessMemory request was completed. (0x12B)
[0917/214200.846:ERROR:process_memory_win.cc(73)] ReadMemory at 0x2236e3f9110 of 154 bytes failed: Only part of a ReadProcessMemory or WriteProcessMemory request was completed. (0x12B)
[0917/214200.846:ERROR:process_memory_win.cc(73)] ReadMemory at 0x2236e3f9400 of 132 bytes failed: Only part of a ReadProcessMemory or WriteProcessMemory request was completed. (0x12B)
[0917/214200.846:ERROR:process_memory_win.cc(73)] ReadMemory at 0x2236e3fc490 of 132 bytes failed: Only part of a ReadProcessMemory or WriteProcessMemory request was completed. (0x12B)
[0917/214200.847:ERROR:process_memory_win.cc(73)] ReadMemory at 0x2236e3fc5c0 of 62 bytes failed: Only part of a ReadProcessMemory or WriteProcessMemory request was completed. (0x12B)
[0917/214200.847:ERROR:process_memory_win.cc(73)] ReadMemory at 0x2236e3fc6f0 of 132 bytes failed: Only part of a ReadProcessMemory or WriteProcessMemory request was completed. (0x12B)
[0917/214200.847:ERROR:process_memory_win.cc(73)] ReadMemory at 0x2236e3fcd00 of 60 bytes failed: Only part of a ReadProcessMemory or WriteProcessMemory request was completed. (0x12B)
[0917/214200.847:ERROR:process_memory_win.cc(73)] ReadMemory at 0x2236e3fcd50 of 132 bytes failed: Only part of a ReadProcessMemory or WriteProcessMemory request was completed. (0x12B)
[0917/214200.847:ERROR:process_memory_win.cc(73)] ReadMemory at 0x2236e3fcf00 of 60 bytes failed: Only part of a ReadProcessMemory or WriteProcessMemory request was completed. (0x12B)
[0917/214200.847:ERROR:process_memory_win.cc(73)] ReadMemory at 0x2236e3fcfa0 of 58 bytes failed: Only part of a ReadProcessMemory or WriteProcessMemory request was completed. (0x12B)
[0917/214200.847:ERROR:process_memory_win.cc(73)] ReadMemory at 0x2236e3fd040 of 62 bytes failed: Only part of a ReadProcessMemory or WriteProcessMemory request was completed. (0x12B)
[0917/214200.847:ERROR:process_memory_win.cc(73)] ReadMemory at 0x2236e3fd0e0 of 64 bytes failed: Only part of a ReadProcessMemory or WriteProcessMemory request was completed. (0x12B)
[0917/214200.847:ERROR:process_memory_win.cc(73)] ReadMemory at 0x2236e3fd130 of 60 bytes failed: Only part of a ReadProcessMemory or WriteProcessMemory request was completed. (0x12B)
[0917/214200.848:ERROR:process_memory_win.cc(73)] ReadMemory at 0x2236e3fd180 of 64 bytes failed: Only part of a ReadProcessMemory or WriteProcessMemory request was completed. (0x12B)
[0917/214200.848:ERROR:process_memory_win.cc(73)] ReadMemory at 0x2236e3fd1d0 of 62 bytes failed: Only part of a ReadProcessMemory or WriteProcessMemory request was completed. (0x12B)
[0917/214200.848:ERROR:process_memory_win.cc(73)] ReadMemory at 0x2236e3fd220 of 66 bytes failed: Only part of a ReadProcessMemory or WriteProcessMemory request was completed. (0x12B)
[0917/214200.848:ERROR:process_memory_win.cc(73)] ReadMemory at 0x2236e3fd310 of 58 bytes failed: Only part of a ReadProcessMemory or WriteProcessMemory request was completed. (0x12B)
[0917/214200.848:ERROR:process_memory_win.cc(73)] ReadMemory at 0x2236e3fd3b0 of 64 bytes failed: Only part of a ReadProcessMemory or WriteProcessMemory request was completed. (0x12B)
[0917/214200.848:ERROR:process_memory_win.cc(73)] ReadMemory at 0x2236e3fd400 of 60 bytes failed: Only part of a ReadProcessMemory or WriteProcessMemory request was completed. (0x12B)
[0917/214200.848:ERROR:process_memory_win.cc(73)] ReadMemory at 0x2236e3fd450 of 62 bytes failed: Only part of a ReadProcessMemory or WriteProcessMemory request was completed. (0x12B)
[0917/214200.848:ERROR:process_memory_win.cc(73)] ReadMemory at 0x2236e3fd4a0 of 64 bytes failed: Only part of a ReadProcessMemory or WriteProcessMemory request was completed. (0x12B)
[0917/214200.849:ERROR:process_memory_win.cc(73)] ReadMemory at 0x2236e3fd4f0 of 60 bytes failed: Only part of a ReadProcessMemory or WriteProcessMemory request was completed. (0x12B)
[0917/214200.849:ERROR:process_memory_win.cc(73)] ReadMemory at 0x2236e3fd540 of 64 bytes failed: Only part of a ReadProcessMemory or WriteProcessMemory request was completed. (0x12B)
[0917/214200.849:ERROR:process_memory_win.cc(73)] ReadMemory at 0x2236e3fd590 of 66 bytes failed: Only part of a ReadProcessMemory or WriteProcessMemory request was completed. (0x12B)
[0917/214200.849:ERROR:process_memory_win.cc(73)] ReadMemory at 0x2236e3fd5e0 of 60 bytes failed: Only part of a ReadProcessMemory or WriteProcessMemory request was completed. (0x12B)
[0917/214200.849:ERROR:process_memory_win.cc(73)] ReadMemory at 0x2236e3fd630 of 62 bytes failed: Only part of a ReadProcessMemory or WriteProcessMemory request was completed. (0x12B)
[0917/214200.849:ERROR:process_memory_win.cc(73)] ReadMemory at 0x2236e3fe35c of 512 bytes failed: Only part of a ReadProcessMemory or WriteProcessMemory request was completed. (0x12B)
[0917/214200.849:ERROR:process_memory_win.cc(73)] ReadMemory at 0x2236e3ff060 of 132 bytes failed: Only part of a ReadProcessMemory or WriteProcessMemory request was completed. (0x12B)
[0917/214200.849:ERROR:process_memory_win.cc(73)] ReadMemory at 0x2236e3ff5a0 of 80 bytes failed: Only part of a ReadProcessMemory or WriteProcessMemory request was completed. (0x12B)
[0917/214201.074:ERROR:process_memory_win.cc(73)] ReadMemory at 0x2236e400230 of 76 bytes failed: Only part of a ReadProcessMemory or WriteProcessMemory request was completed. (0x12B)
[0917/214201.074:ERROR:process_memory_win.cc(73)] ReadMemory at 0x2236e403010 of 132 bytes failed: Only part of a ReadProcessMemory or WriteProcessMemory request was completed. (0x12B)
[0917/214201.074:ERROR:process_memory_win.cc(73)] ReadMemory at 0x2236e403a00 of 54 bytes failed: Only part of a ReadProcessMemory or WriteProcessMemory request was completed. (0x12B)
[0917/214201.074:ERROR:process_memory_win.cc(73)] ReadMemory at 0x2236e403cd0 of 132 bytes failed: Only part of a ReadProcessMemory or WriteProcessMemory request was completed. (0x12B)
[0917/214201.074:ERROR:process_memory_win.cc(73)] ReadMemory at 0x2236e403e00 of 132 bytes failed: Only part of a ReadProcessMemory or WriteProcessMemory request was completed. (0x12B)
[0917/214201.074:ERROR:process_memory_win.cc(73)] ReadMemory at 0x2236e403f30 of 132 bytes failed: Only part of a ReadProcessMemory or WriteProcessMemory request was completed. (0x12B)
[0917/214201.074:ERROR:process_memory_win.cc(73)] ReadMemory at 0x2236e404060 of 132 bytes failed: Only part of a ReadProcessMemory or WriteProcessMemory request was completed. (0x12B)
[0917/214201.074:ERROR:process_memory_win.cc(73)] ReadMemory at 0x2236e4042c0 of 132 bytes failed: Only part of a ReadProcessMemory or WriteProcessMemory request was completed. (0x12B)
[0917/214201.075:ERROR:process_memory_win.cc(73)] ReadMemory at 0x2236e4043f0 of 132 bytes failed: Only part of a ReadProcessMemory or WriteProcessMemory request was completed. (0x12B)
[0917/214201.075:ERROR:process_memory_win.cc(73)] ReadMemory at 0x2236e404520 of 132 bytes failed: Only part of a ReadProcessMemory or WriteProcessMemory request was completed. (0x12B)
[0917/214201.075:ERROR:process_memory_win.cc(73)] ReadMemory at 0x2236e404650 of 132 bytes failed: Only part of a ReadProcessMemory or WriteProcessMemory request was completed. (0x12B)
[0917/214201.075:ERROR:process_memory_win.cc(73)] ReadMemory at 0x2236e404780 of 132 bytes failed: Only part of a ReadProcessMemory or WriteProcessMemory request was completed. (0x12B)
[0917/214201.075:ERROR:process_memory_win.cc(73)] ReadMemory at 0x2236e4048b0 of 132 bytes failed: Only part of a ReadProcessMemory or WriteProcessMemory request was completed. (0x12B)
[0917/214201.075:ERROR:process_memory_win.cc(73)] ReadMemory at 0x2236e4049e0 of 132 bytes failed: Only part of a ReadProcessMemory or WriteProcessMemory request was completed. (0x12B)
[0917/214201.075:ERROR:process_memory_win.cc(73)] ReadMemory at 0x2236e404b10 of 132 bytes failed: Only part of a ReadProcessMemory or WriteProcessMemory request was completed. (0x12B)
[0917/214201.075:ERROR:process_memory_win.cc(73)] ReadMemory at 0x2236e4069b0 of 132 bytes failed: Only part of a ReadProcessMemory or WriteProcessMemory request was completed. (0x12B)
[0917/214201.075:ERROR:process_memory_win.cc(73)] ReadMemory at 0x2236e408c80 of 132 bytes failed: Only part of a ReadProcessMemory or WriteProcessMemory request was completed. (0x12B)
[0917/214201.076:ERROR:process_memory_win.cc(73)] ReadMemory at 0x2236e408db0 of 132 bytes failed: Only part of a ReadProcessMemory or WriteProcessMemory request was completed. (0x12B)
[0917/214201.076:ERROR:process_memory_win.cc(73)] ReadMemory at 0x2236e408ee0 of 132 bytes failed: Only part of a ReadProcessMemory or WriteProcessMemory request was completed. (0x12B)
[0917/214201.076:ERROR:process_memory_win.cc(73)] ReadMemory at 0x2236e409140 of 132 bytes failed: Only part of a ReadProcessMemory or WriteProcessMemory request was completed. (0x12B)
[0917/214201.076:ERROR:process_memory_win.cc(73)] ReadMemory at 0x2236e409270 of 132 bytes failed: Only part of a ReadProcessMemory or WriteProcessMemory request was completed. (0x12B)
[0917/214201.076:ERROR:process_memory_win.cc(73)] ReadMemory at 0x2236e4094d0 of 132 bytes failed: Only part of a ReadProcessMemory or WriteProcessMemory request was completed. (0x12B)
[0917/214201.076:ERROR:process_memory_win.cc(73)] ReadMemory at 0x2236e409600 of 132 bytes failed: Only part of a ReadProcessMemory or WriteProcessMemory request was completed. (0x12B)
[0917/214201.076:ERROR:process_memory_win.cc(73)] ReadMemory at 0x2236e409730 of 132 bytes failed: Only part of a ReadProcessMemory or WriteProcessMemory request was completed. (0x12B)
[0917/214201.076:ERROR:process_memory_win.cc(73)] ReadMemory at 0x2236e409860 of 132 bytes failed: Only part of a ReadProcessMemory or WriteProcessMemory request was completed. (0x12B)
[0917/214201.076:ERROR:process_memory_win.cc(73)] ReadMemory at 0x2236e409990 of 132 bytes failed: Only part of a ReadProcessMemory or WriteProcessMemory request was completed. (0x12B)
[0917/214201.077:ERROR:process_memory_win.cc(73)] ReadMemory at 0x2236e409bf0 of 132 bytes failed: Only part of a ReadProcessMemory or WriteProcessMemory request was completed. (0x12B)
[0917/214201.077:ERROR:process_memory_win.cc(73)] ReadMemory at 0x2236e409e50 of 132 bytes failed: Only part of a ReadProcessMemory or WriteProcessMemory request was completed. (0x12B)
[0917/214201.077:ERROR:process_memory_win.cc(73)] ReadMemory at 0x2236e409f80 of 132 bytes failed: Only part of a ReadProcessMemory or WriteProcessMemory request was completed. (0x12B)
[0917/214201.077:ERROR:process_memory_win.cc(73)] ReadMemory at 0x2236e40a0b0 of 132 bytes failed: Only part of a ReadProcessMemory or WriteProcessMemory request was completed. (0x12B)
[0917/214201.077:ERROR:process_memory_win.cc(73)] ReadMemory at 0x2236e40a310 of 132 bytes failed: Only part of a ReadProcessMemory or WriteProcessMemory request was completed. (0x12B)
[0917/214201.077:ERROR:process_memory_win.cc(73)] ReadMemory at 0x2236e40a6a0 of 132 bytes failed: Only part of a ReadProcessMemory or WriteProcessMemory request was completed. (0x12B)
[0917/214201.078:ERROR:process_memory_win.cc(73)] ReadMemory at 0x2236e40a7d0 of 132 bytes failed: Only part of a ReadProcessMemory or WriteProcessMemory request was completed. (0x12B)
[0917/214201.078:ERROR:process_memory_win.cc(73)] ReadMemory at 0x2236e40a900 of 132 bytes failed: Only part of a ReadProcessMemory or WriteProcessMemory request was completed. (0x12B)
[0917/214201.078:ERROR:process_memory_win.cc(73)] ReadMemory at 0x2236e40abb0 of 64 bytes failed: Only part of a ReadProcessMemory or WriteProcessMemory request was completed. (0x12B)
[0917/214201.078:ERROR:process_memory_win.cc(73)] ReadMemory at 0x2236e40ac00 of 64 bytes failed: Only part of a ReadProcessMemory or WriteProcessMemory request was completed. (0x12B)
[0917/214201.078:ERROR:process_memory_win.cc(73)] ReadMemory at 0x2236e40aca0 of 58 bytes failed: Only part of a ReadProcessMemory or WriteProcessMemory request was completed. (0x12B)
[0917/214201.078:ERROR:process_memory_win.cc(73)] ReadMemory at 0x2236e40ad90 of 62 bytes failed: Only part of a ReadProcessMemory or WriteProcessMemory request was completed. (0x12B)
[0917/214201.078:ERROR:process_memory_win.cc(73)] ReadMemory at 0x2236e40afc0 of 62 bytes failed: Only part of a ReadProcessMemory or WriteProcessMemory request was completed. (0x12B)
[0917/214201.078:ERROR:process_memory_win.cc(73)] ReadMemory at 0x2236e40b150 of 66 bytes failed: Only part of a ReadProcessMemory or WriteProcessMemory request was completed. (0x12B)
[0917/214201.078:ERROR:process_memory_win.cc(73)] ReadMemory at 0x2236e40b380 of 62 bytes failed: Only part of a ReadProcessMemory or WriteProcessMemory request was completed. (0x12B)
[0917/214201.079:ERROR:process_memory_win.cc(73)] ReadMemory at 0x2236e40b510 of 60 bytes failed: Only part of a ReadProcessMemory or WriteProcessMemory request was completed. (0x12B)
[0917/214201.079:ERROR:process_memory_win.cc(73)] ReadMemory at 0x2236e40b650 of 62 bytes failed: Only part of a ReadProcessMemory or WriteProcessMemory request was completed. (0x12B)
[0917/214201.079:ERROR:process_memory_win.cc(73)] ReadMemory at 0x2236e40b6a0 of 62 bytes failed: Only part of a ReadProcessMemory or WriteProcessMemory request was completed. (0x12B)
[0917/214201.079:ERROR:process_memory_win.cc(73)] ReadMemory at 0x2236e40b7e0 of 62 bytes failed: Only part of a ReadProcessMemory or WriteProcessMemory request was completed. (0x12B)
[0917/214201.079:ERROR:process_memory_win.cc(73)] ReadMemory at 0x2236e40b880 of 60 bytes failed: Only part of a ReadProcessMemory or WriteProcessMemory request was completed. (0x12B)
[0917/214201.079:ERROR:process_memory_win.cc(73)] ReadMemory at 0x2236e40b9c0 of 64 bytes failed: Only part of a ReadProcessMemory or WriteProcessMemory request was completed. (0x12B)
[0917/214201.079:ERROR:process_memory_win.cc(73)] ReadMemory at 0x2236e40ba60 of 60 bytes failed: Only part of a ReadProcessMemory or WriteProcessMemory request was completed. (0x12B)
[0917/214201.079:ERROR:process_memory_win.cc(73)] ReadMemory at 0x2236e40de60 of 512 bytes failed: Only part of a ReadProcessMemory or WriteProcessMemory request was completed. (0x12B)
[0917/214201.080:ERROR:process_memory_win.cc(73)] ReadMemory at 0x2236e41a010 of 58 bytes failed: Only part of a ReadProcessMemory or WriteProcessMemory request was completed. (0x12B)
[0917/214201.080:ERROR:process_memory_win.cc(73)] ReadMemory at 0x2236e423d00 of 512 bytes failed: Only part of a ReadProcessMemory or WriteProcessMemory request was completed. (0x12B)
[0917/214201.080:ERROR:process_memory_win.cc(73)] ReadMemory at 0x2236e424f50 of 512 bytes failed: Only part of a ReadProcessMemory or WriteProcessMemory request was completed. (0x12B)
[0917/214201.080:ERROR:process_memory_win.cc(73)] ReadMemory at 0x2236e99dec0 of 512 bytes failed: Only part of a ReadProcessMemory or WriteProcessMemory request was completed. (0x12B)
[0917/214201.080:ERROR:process_memory_win.cc(73)] ReadMemory at 0x2236e99e160 of 512 bytes failed: Only part of a ReadProcessMemory or WriteProcessMemory request was completed. (0x12B)
[0917/214201.080:ERROR:process_memory_win.cc(73)] ReadMemory at 0x2236e9afd80 of 800 bytes failed: Only part of a ReadProcessMemory or WriteProcessMemory request was completed. (0x12B)
[0917/214201.080:ERROR:process_memory_win.cc(73)] ReadMemory at 0x2236e9b8360 of 512 bytes failed: Only part of a ReadProcessMemory or WriteProcessMemory request was completed. (0x12B)
[0917/214201.081:ERROR:process_memory_win.cc(73)] ReadMemory at 0x2236e9be020 of 512 bytes failed: Only part of a ReadProcessMemory or WriteProcessMemory request was completed. (0x12B)
[0917/214201.081:ERROR:process_memory_win.cc(73)] ReadMemory at 0x2236e9c3160 of 512 bytes failed: Only part of a ReadProcessMemory or WriteProcessMemory request was completed. (0x12B)
[0917/214201.081:ERROR:process_memory_win.cc(73)] ReadMemory at 0x2236e9f39f0 of 512 bytes failed: Only part of a ReadProcessMemory or WriteProcessMemory request was completed. (0x12B)
[0917/214201.081:ERROR:process_memory_win.cc(73)] ReadMemory at 0x2236e9ffd68 of 512 bytes failed: Only part of a ReadProcessMemory or WriteProcessMemory request was completed. (0x12B)
[0917/214201.081:ERROR:process_memory_win.cc(73)] ReadMemory at 0x2236ea006f8 of 512 bytes failed: Only part of a ReadProcessMemory or WriteProcessMemory request was completed. (0x12B)
[0917/214201.081:ERROR:process_memory_win.cc(73)] ReadMemory at 0x2236ea00f68 of 512 bytes failed: Only part of a ReadProcessMemory or WriteProcessMemory request was completed. (0x12B)
[0917/214201.081:ERROR:process_memory_win.cc(73)] ReadMemory at 0x22370832178 of 512 bytes failed: Only part of a ReadProcessMemory or WriteProcessMemory request was completed. (0x12B)
[0917/214201.081:ERROR:process_memory_win.cc(73)] ReadMemory at 0x562f8eff3f80 of 128 bytes failed: Only part of a ReadProcessMemory or WriteProcessMemory request was completed. (0x12B)
[0917/214201.082:ERROR:process_memory_win.cc(73)] ReadMemory at 0x7ff885d58a30 of 512 bytes failed: Only part of a ReadProcessMemory or WriteProcessMemory request was completed. (0x12B)
[0917/214201.082:ERROR:process_memory_win.cc(73)] ReadMemory at 0x7ff886f64a1c of 512 bytes failed: Only part of a ReadProcessMemory or WriteProcessMemory request was completed. (0x12B)
[0917/214201.082:ERROR:process_memory_win.cc(73)] ReadMemory at 0x7ff88a487390 of 512 bytes failed: Only part of a ReadProcessMemory or WriteProcessMemory request was completed. (0x12B)
[0917/214201.082:ERROR:process_memory_win.cc(73)] ReadMemory at 0x7ff88a488ec0 of 512 bytes failed: Only part of a ReadProcessMemory or WriteProcessMemory request was completed. (0x12B)
[0917/214201.082:ERROR:process_memory_win.cc(73)] ReadMemory at 0x7ff8dfbea308 of 512 bytes failed: Only part of a ReadProcessMemory or WriteProcessMemory request was completed. (0x12B)
[0917/214201.082:ERROR:process_memory_win.cc(73)] ReadMemory at 0x7ff8e26d0e00 of 512 bytes failed: Only part of a ReadProcessMemory or WriteProcessMemory request was completed. (0x12B)
[0917/214201.082:ERROR:process_memory_win.cc(73)] ReadMemory at 0x7ff8e37179f0 of 512 bytes failed: Only part of a ReadProcessMemory or WriteProcessMemory request was completed. (0x12B)
[0917/214201.082:ERROR:process_memory_win.cc(73)] ReadMemory at 0x7ff8e37182e0 of 512 bytes failed: Only part of a ReadProcessMemory or WriteProcessMemory request was completed. (0x12B)
[0917/214201.083:ERROR:process_memory_win.cc(73)] ReadMemory at 0x7ff8e371a0d0 of 512 bytes failed: Only part of a ReadProcessMemory or WriteProcessMemory request was completed. (0x12B)
[0917/214201.083:ERROR:process_memory_win.cc(73)] ReadMemory at 0x7ff8e378a9a4 of 672 bytes failed: Only part of a ReadProcessMemory or WriteProcessMemory request was completed. (0x12B)
[0917/214201.083:ERROR:process_memory_win.cc(73)] ReadMemory at 0x7ff8e378afa4 of 512 bytes failed: Only part of a ReadProcessMemory or WriteProcessMemory request was completed. (0x12B)
[0917/214201.083:ERROR:process_memory_win.cc(73)] ReadMemory at 0x7ff8e378e214 of 608 bytes failed: Only part of a ReadProcessMemory or WriteProcessMemory request was completed. (0x12B)
[0917/214201.235:ERROR:process_memory_win.cc(73)] ReadMemory at 0x7ff8e38101e0 of 18 bytes failed: Only part of a ReadProcessMemory or WriteProcessMemory request was completed. (0x12B)
[0917/214201.235:ERROR:process_memory_win.cc(73)] ReadMemory at 0x7ff8e38465b0 of 40 bytes failed: Only part of a ReadProcessMemory or WriteProcessMemory request was completed. (0x12B)
[0917/214201.235:ERROR:process_memory_win.cc(73)] ReadMemory at 0x7ff8e3846a08 of 48 bytes failed: Only part of a ReadProcessMemory or WriteProcessMemory request was completed. (0x12B)
[0917/214201.235:ERROR:process_memory_win.cc(73)] ReadMemory at 0x7ff8e384c360 of 64 bytes failed: Only part of a ReadProcessMemory or WriteProcessMemory request was completed. (0x12B)
[0917/214201.239:ERROR:scoped_process_suspend.cc(40)] NtResumeProcess: An attempt was made to access an exiting process. (0xc000010a)
[0917/222718.421:ERROR:crash_report_database_win.cc(428)] unexpected header
[0917/223718.415:ERROR:crash_report_database_win.cc(428)] unexpected header
[0917/223718.416:ERROR:crash_report_database_win.cc(428)] unexpected header
[0917/224218.561:ERROR:crash_report_database_win.cc(428)] unexpected header
[0917/225718.701:ERROR:crash_report_database_win.cc(428)] unexpected header
[0917/231218.792:ERROR:crash_report_database_win.cc(428)] unexpected header
[0918/162249.037:ERROR:crash_report_database_win.cc(428)] unexpected header
[0918/163249.156:ERROR:crash_report_database_win.cc(428)] unexpected header
[0918/163249.232:ERROR:crash_report_database_win.cc(428)] unexpected header
[0918/163749.205:ERROR:crash_report_database_win.cc(428)] unexpected header
[0918/195050.547:ERROR:crash_report_database_win.cc(428)] unexpected header
[0918/203400.628:ERROR:crash_report_database_win.cc(428)] unexpected header
[0918/204900.635:ERROR:crash_report_database_win.cc(428)] unexpected header
[0918/210400.638:ERROR:crash_report_database_win.cc(428)] unexpected header
[0918/211900.673:ERROR:crash_report_database_win.cc(428)] unexpected header
[0918/213400.675:ERROR:crash_report_database_win.cc(428)] unexpected header
[0918/213832.553:ERROR:crash_report_database_win.cc(428)] unexpected header
[0918/214900.898:ERROR:crash_report_database_win.cc(428)] unexpected header
[0918/220400.997:ERROR:crash_report_database_win.cc(428)] unexpected header
[0918/221901.067:ERROR:crash_report_database_win.cc(428)] unexpected header
[0918/223401.433:ERROR:crash_report_database_win.cc(428)] unexpected header
[0918/224901.638:ERROR:crash_report_database_win.cc(428)] unexpected header
[0918/230402.156:ERROR:crash_report_database_win.cc(428)] unexpected header
[0918/231902.280:ERROR:crash_report_database_win.cc(428)] unexpected header
[0918/233402.926:ERROR:crash_report_database_win.cc(428)] unexpected header
[0918/234903.582:ERROR:crash_report_database_win.cc(428)] unexpected header
[0919/000403.680:ERROR:crash_report_database_win.cc(428)] unexpected header
[0919/001903.823:ERROR:crash_report_database_win.cc(428)] unexpected header
[0919/003403.947:ERROR:crash_report_database_win.cc(428)] unexpected header
[0919/004904.026:ERROR:crash_report_database_win.cc(428)] unexpected header
[0919/010404.174:ERROR:crash_report_database_win.cc(428)] unexpected header
[0919/011904.290:ERROR:crash_report_database_win.cc(428)] unexpected header
[0919/013404.906:ERROR:crash_report_database_win.cc(428)] unexpected header
[0919/014905.046:ERROR:crash_report_database_win.cc(428)] unexpected header
[0919/070145.115:ERROR:crash_report_database_win.cc(428)] unexpected header
[0919/071145.133:ERROR:crash_report_database_win.cc(428)] unexpected header
[0919/071145.135:ERROR:crash_report_database_win.cc(428)] unexpected header
[0919/071645.180:ERROR:crash_report_database_win.cc(428)] unexpected header
[0919/073145.182:ERROR:crash_report_database_win.cc(428)] unexpected header
[0919/102252.677:ERROR:crash_report_database_win.cc(428)] unexpected header
[0919/103752.745:ERROR:crash_report_database_win.cc(428)] unexpected header
[0919/104950.737:ERROR:crash_report_database_win.cc(428)] unexpected header
[0919/105840.711:ERROR:crash_report_database_win.cc(428)] unexpected header
[0919/112215.029:ERROR:crash_report_database_win.cc(428)] unexpected header
[0919/215723.151:ERROR:crash_report_database_win.cc(428)] unexpected header
[0919/221223.152:ERROR:crash_report_database_win.cc(428)] unexpected header
[0920/220158.048:ERROR:crash_report_database_win.cc(428)] unexpected header
[0920/221658.051:ERROR:crash_report_database_win.cc(428)] unexpected header
[0920/223158.067:ERROR:crash_report_database_win.cc(428)] unexpected header
[0920/224658.070:ERROR:crash_report_database_win.cc(428)] unexpected header
[0920/230158.073:ERROR:crash_report_database_win.cc(428)] unexpected header
[0920/231656.028:ERROR:crash_report_database_win.cc(428)] unexpected header
[0920/233156.031:ERROR:crash_report_database_win.cc(428)] unexpected header
[0922/122109.367:ERROR:crash_report_database_win.cc(428)] unexpected header
[0922/123609.368:ERROR:crash_report_database_win.cc(428)] unexpected header
[0922/125109.370:ERROR:crash_report_database_win.cc(428)] unexpected header
[0922/130609.373:ERROR:crash_report_database_win.cc(428)] unexpected header
[0922/140546.953:ERROR:crash_report_database_win.cc(428)] unexpected header
[0922/142046.960:ERROR:crash_report_database_win.cc(428)] unexpected header
[0922/143546.970:ERROR:crash_report_database_win.cc(428)] unexpected header
[0922/145046.977:ERROR:crash_report_database_win.cc(428)] unexpected header
[0922/150546.982:ERROR:crash_report_database_win.cc(428)] unexpected header
[0922/152046.988:ERROR:crash_report_database_win.cc(428)] unexpected header
[0922/153546.992:ERROR:crash_report_database_win.cc(428)] unexpected header
[0922/211112.902:ERROR:crash_report_database_win.cc(428)] unexpected header
[0922/212612.908:ERROR:crash_report_database_win.cc(428)] unexpected header
[0922/214112.911:ERROR:crash_report_database_win.cc(428)] unexpected header
[0922/215612.913:ERROR:crash_report_database_win.cc(428)] unexpected header
[0922/221112.916:ERROR:crash_report_database_win.cc(428)] unexpected header
[0922/222612.917:ERROR:crash_report_database_win.cc(428)] unexpected header
[0922/224112.918:ERROR:crash_report_database_win.cc(428)] unexpected header
[0922/225612.922:ERROR:crash_report_database_win.cc(428)] unexpected header
[0922/231112.925:ERROR:crash_report_database_win.cc(428)] unexpected header
[0922/232612.927:ERROR:crash_report_database_win.cc(428)] unexpected header
[0922/234112.932:ERROR:crash_report_database_win.cc(428)] unexpected header
[0922/235612.935:ERROR:crash_report_database_win.cc(428)] unexpected header
[0923/001112.937:ERROR:crash_report_database_win.cc(428)] unexpected header
[0923/002612.940:ERROR:crash_report_database_win.cc(428)] unexpected header
[0923/004112.943:ERROR:crash_report_database_win.cc(428)] unexpected header
[0923/005612.947:ERROR:crash_report_database_win.cc(428)] unexpected header
[1002/190139.620:ERROR:crash_report_database_win.cc(428)] unexpected header
[1002/191141.166:ERROR:crash_report_database_win.cc(428)] unexpected header
[1002/191141.166:ERROR:crash_report_database_win.cc(428)] unexpected header
[1002/191639.671:ERROR:crash_report_database_win.cc(428)] unexpected header
[1002/193328.836:ERROR:crash_report_database_win.cc(428)] unexpected header
[1002/194328.842:ERROR:crash_report_database_win.cc(428)] unexpected header
[1002/194328.843:ERROR:crash_report_database_win.cc(428)] unexpected header
[1002/194828.842:ERROR:crash_report_database_win.cc(428)] unexpected header
[1002/200328.845:ERROR:crash_report_database_win.cc(428)] unexpected header
[0123/105227.568:ERROR:crash_report_database_win.cc(428)] unexpected header
[0123/112117.980:ERROR:crash_report_database_win.cc(428)] unexpected header
[0123/112117.981:ERROR:crash_report_database_win.cc(428)] unexpected header
[0123/112618.049:ERROR:crash_report_database_win.cc(428)] unexpected header
[0123/114118.064:ERROR:crash_report_database_win.cc(428)] unexpected header
[0123/115618.252:ERROR:crash_report_database_win.cc(428)] unexpected header
[0123/121118.449:ERROR:crash_report_database_win.cc(428)] unexpected header
[0123/130550.947:ERROR:crash_report_database_win.cc(428)] unexpected header
[0123/142047.519:ERROR:crash_report_database_win.cc(428)] unexpected header
[0328/221214.420:ERROR:crash_report_database_win.cc(428)] unexpected header
[0410/105753.069:ERROR:crash_report_database_win.cc(428)] unexpected header
[0502/175613.191:ERROR:crash_report_database_win.cc(428)] unexpected header
[0502/180613.193:ERROR:crash_report_database_win.cc(428)] unexpected header
[0502/180613.195:ERROR:crash_report_database_win.cc(428)] unexpected header
[0502/181113.301:ERROR:crash_report_database_win.cc(428)] unexpected header
[0502/182613.304:ERROR:crash_report_database_win.cc(428)] unexpected header
[0502/184113.305:ERROR:crash_report_database_win.cc(428)] unexpected header
[0502/185613.305:ERROR:crash_report_database_win.cc(428)] unexpected header
[0502/191113.306:ERROR:crash_report_database_win.cc(428)] unexpected header
[0502/192613.309:ERROR:crash_report_database_win.cc(428)] unexpected header
[0502/194113.311:ERROR:crash_report_database_win.cc(428)] unexpected header
[0502/195613.312:ERROR:crash_report_database_win.cc(428)] unexpected header
[0502/201113.312:ERROR:crash_report_database_win.cc(428)] unexpected header
[0502/202611.111:ERROR:crash_report_database_win.cc(428)] unexpected header
[0502/204111.112:ERROR:crash_report_database_win.cc(428)] unexpected header
[0502/205611.113:ERROR:crash_report_database_win.cc(428)] unexpected header
[0502/211111.115:ERROR:crash_report_database_win.cc(428)] unexpected header
[0502/212611.197:ERROR:crash_report_database_win.cc(428)] unexpected header
[0502/214111.200:ERROR:crash_report_database_win.cc(428)] unexpected header
[0502/215611.201:ERROR:crash_report_database_win.cc(428)] unexpected header
[0502/221111.204:ERROR:crash_report_database_win.cc(428)] unexpected header
[0502/222611.204:ERROR:crash_report_database_win.cc(428)] unexpected header
[0502/224111.206:ERROR:crash_report_database_win.cc(428)] unexpected header
[0502/225611.207:ERROR:crash_report_database_win.cc(428)] unexpected header
[0502/231111.209:ERROR:crash_report_database_win.cc(428)] unexpected header
[0502/232611.212:ERROR:crash_report_database_win.cc(428)] unexpected header
[0502/234111.214:ERROR:crash_report_database_win.cc(428)] unexpected header
[0502/235611.214:ERROR:crash_report_database_win.cc(428)] unexpected header
[0503/001111.215:ERROR:crash_report_database_win.cc(428)] unexpected header
[0503/002611.217:ERROR:crash_report_database_win.cc(428)] unexpected header
[0503/004111.218:ERROR:crash_report_database_win.cc(428)] unexpected header
[0503/005611.219:ERROR:crash_report_database_win.cc(428)] unexpected header
[0503/011111.222:ERROR:crash_report_database_win.cc(428)] unexpected header
[0503/012611.223:ERROR:crash_report_database_win.cc(428)] unexpected header
[0503/014111.225:ERROR:crash_report_database_win.cc(428)] unexpected header
[0503/015611.227:ERROR:crash_report_database_win.cc(428)] unexpected header
[0503/095316.942:ERROR:crash_report_database_win.cc(428)] unexpected header
[0503/100316.944:ERROR:crash_report_database_win.cc(428)] unexpected header
[0503/100316.945:ERROR:crash_report_database_win.cc(428)] unexpected header
[0503/100817.070:ERROR:crash_report_database_win.cc(428)] unexpected header
[0503/102317.117:ERROR:crash_report_database_win.cc(428)] unexpected header
[0503/103817.133:ERROR:crash_report_database_win.cc(428)] unexpected header
[0503/105317.135:ERROR:crash_report_database_win.cc(428)] unexpected header
[0503/110817.137:ERROR:crash_report_database_win.cc(428)] unexpected header
[0503/112317.140:ERROR:crash_report_database_win.cc(428)] unexpected header
[0503/113817.734:ERROR:crash_report_database_win.cc(428)] unexpected header
[0503/115318.049:ERROR:crash_report_database_win.cc(428)] unexpected header
[0503/120818.051:ERROR:crash_report_database_win.cc(428)] unexpected header
[0503/124800.215:ERROR:crash_report_database_win.cc(428)] unexpected header
[0503/130300.218:ERROR:crash_report_database_win.cc(428)] unexpected header
[0503/131800.220:ERROR:crash_report_database_win.cc(428)] unexpected header
[0503/133300.235:ERROR:crash_report_database_win.cc(428)] unexpected header
[0503/134800.238:ERROR:crash_report_database_win.cc(428)] unexpected header
[0503/140300.255:ERROR:crash_report_database_win.cc(428)] unexpected header
[0503/141800.257:ERROR:crash_report_database_win.cc(428)] unexpected header
[0503/143300.318:ERROR:crash_report_database_win.cc(428)] unexpected header
[0503/144800.318:ERROR:crash_report_database_win.cc(428)] unexpected header
[0503/150300.321:ERROR:crash_report_database_win.cc(428)] unexpected header
[0503/154033.865:ERROR:crash_report_database_win.cc(428)] unexpected header
